The prbs seed for this sim is: 1714420402
[==========] Running 7 tests from 3 test suites.
[----------] Global test environment set-up.
[----------] 3 tests from EVTOL
[ RUN      ] EVTOL.instantiateEVTOL
[       OK ] EVTOL.instantiateEVTOL (0 ms)
[ RUN      ] EVTOL.cruiseUpdate
fault probability per hour is: 0.5
num faults recorded after one hour is: 0
[       OK ] EVTOL.cruiseUpdate (0 ms)
[ RUN      ] EVTOL.chargeUpdate
[       OK ] EVTOL.chargeUpdate (0 ms)
[----------] 3 tests from EVTOL (0 ms total)

[----------] 1 test from CHARGEMANAGER
[ RUN      ] CHARGEMANAGER.chargeQueue
[       OK ] CHARGEMANAGER.chargeQueue (0 ms)
[----------] 1 test from CHARGEMANAGER (0 ms total)

[----------] 3 tests from INTEGRATION
[ RUN      ] INTEGRATION.SimEngineSimple
0: I am lambda 1, batch1!
0: I am lambda 3, batch1!
0: I am lambda 2, batch2!
1: I am lambda 1, batch1!
1: I am lambda 3, batch1!
1: I am lambda 2, batch2!
2: I am lambda 1, batch1!
2: I am lambda 3, batch1!
2: I am lambda 2, batch2!
3: I am lambda 1, batch1!
3: I am lambda 3, batch1!
3: I am lambda 2, batch2!
4: I am lambda 1, batch1!
4: I am lambda 3, batch1!
4: I am lambda 2, batch2!
5: I am lambda 1, batch1!
5: I am lambda 3, batch1!
5: I am lambda 2, batch2!
6: I am lambda 1, batch1!
6: I am lambda 3, batch1!
6: I am lambda 2, batch2!
7: I am lambda 1, batch1!
7: I am lambda 3, batch1!
7: I am lambda 2, batch2!
8: I am lambda 1, batch1!
8: I am lambda 3, batch1!
8: I am lambda 2, batch2!
9: I am lambda 1, batch1!
9: I am lambda 3, batch1!
9: I am lambda 2, batch2!
[       OK ] INTEGRATION.SimEngineSimple (0 ms)
[ RUN      ] INTEGRATION.SimEngineEVTOL
[       OK ] INTEGRATION.SimEngineEVTOL (0 ms)
[ RUN      ] INTEGRATION.SimEngineOutputCheck
CHARGER 0-> PLANE_ID: 0
CHARGER 1-> PLANE_ID: 1
CHARGER 2-> PLANE_ID: 2

CHARGE QUEUE:
3
4

SEGMENT 0: 
	NUM FAULTS: 0
	NUM FLIGHTS: 0
	NUM CHG SESSIONS: 0
	PASSENGER MILES: 0
	TOTAL DISTANCE: 0
	TOTAL FLIGHT TIME: 0
	TOTAL CHG TIME: 0
	BATTERY CAPACITY: 320
	EVTOL TYPE: 0
SEGMENT 1: 
	NUM FAULTS: 0
	NUM FLIGHTS: 0
	NUM CHG SESSIONS: 0
	PASSENGER MILES: 0
	TOTAL DISTANCE: 0
	TOTAL FLIGHT TIME: 0
	TOTAL CHG TIME: 0
	BATTERY CAPACITY: 100
	EVTOL TYPE: 1
SEGMENT 2: 
	NUM FAULTS: 0
	NUM FLIGHTS: 0
	NUM CHG SESSIONS: 0
	PASSENGER MILES: 0
	TOTAL DISTANCE: 0
	TOTAL FLIGHT TIME: 0
	TOTAL CHG TIME: 0
	BATTERY CAPACITY: 220
	EVTOL TYPE: 2
SEGMENT 3: 
	NUM FAULTS: 0
	NUM FLIGHTS: 0
	NUM CHG SESSIONS: 0
	PASSENGER MILES: 0
	TOTAL DISTANCE: 0
	TOTAL FLIGHT TIME: 0
	TOTAL CHG TIME: 0
	BATTERY CAPACITY: 120
	EVTOL TYPE: 3
SEGMENT 4: 
	NUM FAULTS: 0
	NUM FLIGHTS: 0
	NUM CHG SESSIONS: 0
	PASSENGER MILES: 0
	TOTAL DISTANCE: 0
	TOTAL FLIGHT TIME: 0
	TOTAL CHG TIME: 0
	BATTERY CAPACITY: 150
	EVTOL TYPE: 4
SEGMENT 5: 
	NUM FAULTS: 0
	NUM FLIGHTS: 0
	NUM CHG SESSIONS: 0
	PASSENGER MILES: 0
	TOTAL DISTANCE: 0
	TOTAL FLIGHT TIME: 0
	TOTAL CHG TIME: 0
	BATTERY CAPACITY: 0
	EVTOL TYPE: 0
SEGMENT 6: 
	NUM FAULTS: 0
	NUM FLIGHTS: 0
	NUM CHG SESSIONS: 0
	PASSENGER MILES: 0
	TOTAL DISTANCE: 0
	TOTAL FLIGHT TIME: 0
	TOTAL CHG TIME: 0
	BATTERY CAPACITY: 0
	EVTOL TYPE: 0
SEGMENT 7: 
	NUM FAULTS: 0
	NUM FLIGHTS: 0
	NUM CHG SESSIONS: 0
	PASSENGER MILES: 0
	TOTAL DISTANCE: 0
	TOTAL FLIGHT TIME: 0
	TOTAL CHG TIME: 0
	BATTERY CAPACITY: 0
	EVTOL TYPE: 0
SEGMENT 8: 
	NUM FAULTS: 0
	NUM FLIGHTS: 0
	NUM CHG SESSIONS: 0
	PASSENGER MILES: 0
	TOTAL DISTANCE: 0
	TOTAL FLIGHT TIME: 0
	TOTAL CHG TIME: 0
	BATTERY CAPACITY: 0
	EVTOL TYPE: 0
SEGMENT 9: 
	NUM FAULTS: 0
	NUM FLIGHTS: 0
	NUM CHG SESSIONS: 0
	PASSENGER MILES: 0
	TOTAL DISTANCE: 0
	TOTAL FLIGHT TIME: 0
	TOTAL CHG TIME: 0
	BATTERY CAPACITY: 0
	EVTOL TYPE: 0
SEGMENT 10: 
	NUM FAULTS: 0
	NUM FLIGHTS: 0
	NUM CHG SESSIONS: 0
	PASSENGER MILES: 0
	TOTAL DISTANCE: 0
	TOTAL FLIGHT TIME: 0
	TOTAL CHG TIME: 0
	BATTERY CAPACITY: 0
	EVTOL TYPE: 0
SEGMENT 11: 
	NUM FAULTS: 0
	NUM FLIGHTS: 0
	NUM CHG SESSIONS: 0
	PASSENGER MILES: 0
	TOTAL DISTANCE: 0
	TOTAL FLIGHT TIME: 0
	TOTAL CHG TIME: 0
	BATTERY CAPACITY: 0
	EVTOL TYPE: 0
SEGMENT 12: 
	NUM FAULTS: 0
	NUM FLIGHTS: 0
	NUM CHG SESSIONS: 0
	PASSENGER MILES: 0
	TOTAL DISTANCE: 0
	TOTAL FLIGHT TIME: 0
	TOTAL CHG TIME: 0
	BATTERY CAPACITY: 0
	EVTOL TYPE: 0
SEGMENT 13: 
	NUM FAULTS: 0
	NUM FLIGHTS: 0
	NUM CHG SESSIONS: 0
	PASSENGER MILES: 0
	TOTAL DISTANCE: 0
	TOTAL FLIGHT TIME: 0
	TOTAL CHG TIME: 0
	BATTERY CAPACITY: 0
	EVTOL TYPE: 0
SEGMENT 14: 
	NUM FAULTS: 0
	NUM FLIGHTS: 0
	NUM CHG SESSIONS: 0
	PASSENGER MILES: 0
	TOTAL DISTANCE: 0
	TOTAL FLIGHT TIME: 0
	TOTAL CHG TIME: 0
	BATTERY CAPACITY: 0
	EVTOL TYPE: 0
SEGMENT 15: 
	NUM FAULTS: 0
	NUM FLIGHTS: 0
	NUM CHG SESSIONS: 0
	PASSENGER MILES: 0
	TOTAL DISTANCE: 0
	TOTAL FLIGHT TIME: 0
	TOTAL CHG TIME: 0
	BATTERY CAPACITY: 0
	EVTOL TYPE: 0
SEGMENT 16: 
	NUM FAULTS: 0
	NUM FLIGHTS: 0
	NUM CHG SESSIONS: 0
	PASSENGER MILES: 0
	TOTAL DISTANCE: 0
	TOTAL FLIGHT TIME: 0
	TOTAL CHG TIME: 0
	BATTERY CAPACITY: 0
	EVTOL TYPE: 0
SEGMENT 17: 
	NUM FAULTS: 0
	NUM FLIGHTS: 0
	NUM CHG SESSIONS: 0
	PASSENGER MILES: 0
	TOTAL DISTANCE: 0
	TOTAL FLIGHT TIME: 0
	TOTAL CHG TIME: 0
	BATTERY CAPACITY: 0
	EVTOL TYPE: 0
SEGMENT 18: 
	NUM FAULTS: 0
	NUM FLIGHTS: 0
	NUM CHG SESSIONS: 0
	PASSENGER MILES: 0
	TOTAL DISTANCE: 0
	TOTAL FLIGHT TIME: 0
	TOTAL CHG TIME: 0
	BATTERY CAPACITY: 0
	EVTOL TYPE: 0
SEGMENT 19: 
	NUM FAULTS: 0
	NUM FLIGHTS: 0
	NUM CHG SESSIONS: 0
	PASSENGER MILES: 0
	TOTAL DISTANCE: 0
	TOTAL FLIGHT TIME: 0
	TOTAL CHG TIME: 0
	BATTERY CAPACITY: 0
	EVTOL TYPE: 0
CHARGER 0-> PLANE_ID: 0
CHARGER 1-> PLANE_ID: 1
CHARGER 2-> PLANE_ID: 2

CHARGE QUEUE:
3
4

SEGMENT 0: 
	NUM FAULTS: 0
	NUM FLIGHTS: 0
	NUM CHG SESSIONS: 0
	PASSENGER MILES: 0
	TOTAL DISTANCE: 0
	TOTAL FLIGHT TIME: 0
	TOTAL CHG TIME: 0
	BATTERY CAPACITY: 320
	EVTOL TYPE: 0
SEGMENT 1: 
	NUM FAULTS: 0
	NUM FLIGHTS: 0
	NUM CHG SESSIONS: 0
	PASSENGER MILES: 0
	TOTAL DISTANCE: 0
	TOTAL FLIGHT TIME: 0
	TOTAL CHG TIME: 0
	BATTERY CAPACITY: 100
	EVTOL TYPE: 1
SEGMENT 2: 
	NUM FAULTS: 0
	NUM FLIGHTS: 0
	NUM CHG SESSIONS: 0
	PASSENGER MILES: 0
	TOTAL DISTANCE: 0
	TOTAL FLIGHT TIME: 0
	TOTAL CHG TIME: 0
	BATTERY CAPACITY: 220
	EVTOL TYPE: 2
SEGMENT 3: 
	NUM FAULTS: 0
	NUM FLIGHTS: 0
	NUM CHG SESSIONS: 0
	PASSENGER MILES: 0
	TOTAL DISTANCE: 0
	TOTAL FLIGHT TIME: 0
	TOTAL CHG TIME: 0
	BATTERY CAPACITY: 120
	EVTOL TYPE: 3
SEGMENT 4: 
	NUM FAULTS: 0
	NUM FLIGHTS: 0
	NUM CHG SESSIONS: 0
	PASSENGER MILES: 0
	TOTAL DISTANCE: 0
	TOTAL FLIGHT TIME: 0
	TOTAL CHG TIME: 0
	BATTERY CAPACITY: 150
	EVTOL TYPE: 4
SEGMENT 5: 
	NUM FAULTS: 0
	NUM FLIGHTS: 0
	NUM CHG SESSIONS: 0
	PASSENGER MILES: 0
	TOTAL DISTANCE: 0
	TOTAL FLIGHT TIME: 0
	TOTAL CHG TIME: 0
	BATTERY CAPACITY: 0
	EVTOL TYPE: 0
SEGMENT 6: 
	NUM FAULTS: 0
	NUM FLIGHTS: 0
	NUM CHG SESSIONS: 0
	PASSENGER MILES: 0
	TOTAL DISTANCE: 0
	TOTAL FLIGHT TIME: 0
	TOTAL CHG TIME: 0
	BATTERY CAPACITY: 0
	EVTOL TYPE: 0
SEGMENT 7: 
	NUM FAULTS: 0
	NUM FLIGHTS: 0
	NUM CHG SESSIONS: 0
	PASSENGER MILES: 0
	TOTAL DISTANCE: 0
	TOTAL FLIGHT TIME: 0
	TOTAL CHG TIME: 0
	BATTERY CAPACITY: 0
	EVTOL TYPE: 0
SEGMENT 8: 
	NUM FAULTS: 0
	NUM FLIGHTS: 0
	NUM CHG SESSIONS: 0
	PASSENGER MILES: 0
	TOTAL DISTANCE: 0
	TOTAL FLIGHT TIME: 0
	TOTAL CHG TIME: 0
	BATTERY CAPACITY: 0
	EVTOL TYPE: 0
SEGMENT 9: 
	NUM FAULTS: 0
	NUM FLIGHTS: 0
	NUM CHG SESSIONS: 0
	PASSENGER MILES: 0
	TOTAL DISTANCE: 0
	TOTAL FLIGHT TIME: 0
	TOTAL CHG TIME: 0
	BATTERY CAPACITY: 0
	EVTOL TYPE: 0
SEGMENT 10: 
	NUM FAULTS: 0
	NUM FLIGHTS: 0
	NUM CHG SESSIONS: 0
	PASSENGER MILES: 0
	TOTAL DISTANCE: 0
	TOTAL FLIGHT TIME: 0
	TOTAL CHG TIME: 0
	BATTERY CAPACITY: 0
	EVTOL TYPE: 0
SEGMENT 11: 
	NUM FAULTS: 0
	NUM FLIGHTS: 0
	NUM CHG SESSIONS: 0
	PASSENGER MILES: 0
	TOTAL DISTANCE: 0
	TOTAL FLIGHT TIME: 0
	TOTAL CHG TIME: 0
	BATTERY CAPACITY: 0
	EVTOL TYPE: 0
SEGMENT 12: 
	NUM FAULTS: 0
	NUM FLIGHTS: 0
	NUM CHG SESSIONS: 0
	PASSENGER MILES: 0
	TOTAL DISTANCE: 0
	TOTAL FLIGHT TIME: 0
	TOTAL CHG TIME: 0
	BATTERY CAPACITY: 0
	EVTOL TYPE: 0
SEGMENT 13: 
	NUM FAULTS: 0
	NUM FLIGHTS: 0
	NUM CHG SESSIONS: 0
	PASSENGER MILES: 0
	TOTAL DISTANCE: 0
	TOTAL FLIGHT TIME: 0
	TOTAL CHG TIME: 0
	BATTERY CAPACITY: 0
	EVTOL TYPE: 0
SEGMENT 14: 
	NUM FAULTS: 0
	NUM FLIGHTS: 0
	NUM CHG SESSIONS: 0
	PASSENGER MILES: 0
	TOTAL DISTANCE: 0
	TOTAL FLIGHT TIME: 0
	TOTAL CHG TIME: 0
	BATTERY CAPACITY: 0
	EVTOL TYPE: 0
SEGMENT 15: 
	NUM FAULTS: 0
	NUM FLIGHTS: 0
	NUM CHG SESSIONS: 0
	PASSENGER MILES: 0
	TOTAL DISTANCE: 0
	TOTAL FLIGHT TIME: 0
	TOTAL CHG TIME: 0
	BATTERY CAPACITY: 0
	EVTOL TYPE: 0
SEGMENT 16: 
	NUM FAULTS: 0
	NUM FLIGHTS: 0
	NUM CHG SESSIONS: 0
	PASSENGER MILES: 0
	TOTAL DISTANCE: 0
	TOTAL FLIGHT TIME: 0
	TOTAL CHG TIME: 0
	BATTERY CAPACITY: 0
	EVTOL TYPE: 0
SEGMENT 17: 
	NUM FAULTS: 0
	NUM FLIGHTS: 0
	NUM CHG SESSIONS: 0
	PASSENGER MILES: 0
	TOTAL DISTANCE: 0
	TOTAL FLIGHT TIME: 0
	TOTAL CHG TIME: 0
	BATTERY CAPACITY: 0
	EVTOL TYPE: 0
SEGMENT 18: 
	NUM FAULTS: 0
	NUM FLIGHTS: 0
	NUM CHG SESSIONS: 0
	PASSENGER MILES: 0
	TOTAL DISTANCE: 0
	TOTAL FLIGHT TIME: 0
	TOTAL CHG TIME: 0
	BATTERY CAPACITY: 0
	EVTOL TYPE: 0
SEGMENT 19: 
	NUM FAULTS: 0
	NUM FLIGHTS: 0
	NUM CHG SESSIONS: 0
	PASSENGER MILES: 0
	TOTAL DISTANCE: 0
	TOTAL FLIGHT TIME: 0
	TOTAL CHG TIME: 0
	BATTERY CAPACITY: 0
	EVTOL TYPE: 0
CHARGER 0-> PLANE_ID: 3
CHARGER 1-> PLANE_ID: 4
CHARGER 2-> AVAILABLE

SEGMENT 0: 
	NUM FAULTS: 0
	NUM FLIGHTS: 0
	NUM CHG SESSIONS: 1
	PASSENGER MILES: 0
	TOTAL DISTANCE: 0
	TOTAL FLIGHT TIME: 0
	TOTAL CHG TIME: 60
	BATTERY CAPACITY: 320
	EVTOL TYPE: 0
SEGMENT 1: 
	NUM FAULTS: 0
	NUM FLIGHTS: 0
	NUM CHG SESSIONS: 1
	PASSENGER MILES: 0
	TOTAL DISTANCE: 0
	TOTAL FLIGHT TIME: 0
	TOTAL CHG TIME: 60
	BATTERY CAPACITY: 100
	EVTOL TYPE: 1
SEGMENT 2: 
	NUM FAULTS: 0
	NUM FLIGHTS: 0
	NUM CHG SESSIONS: 1
	PASSENGER MILES: 0
	TOTAL DISTANCE: 0
	TOTAL FLIGHT TIME: 0
	TOTAL CHG TIME: 60
	BATTERY CAPACITY: 220
	EVTOL TYPE: 2
SEGMENT 3: 
	NUM FAULTS: 0
	NUM FLIGHTS: 0
	NUM CHG SESSIONS: 0
	PASSENGER MILES: 0
	TOTAL DISTANCE: 0
	TOTAL FLIGHT TIME: 0
	TOTAL CHG TIME: 0
	BATTERY CAPACITY: 120
	EVTOL TYPE: 3
SEGMENT 4: 
	NUM FAULTS: 0
	NUM FLIGHTS: 0
	NUM CHG SESSIONS: 0
	PASSENGER MILES: 0
	TOTAL DISTANCE: 0
	TOTAL FLIGHT TIME: 0
	TOTAL CHG TIME: 0
	BATTERY CAPACITY: 150
	EVTOL TYPE: 4
SEGMENT 5: 
	NUM FAULTS: 0
	NUM FLIGHTS: 0
	NUM CHG SESSIONS: 0
	PASSENGER MILES: 0
	TOTAL DISTANCE: 0
	TOTAL FLIGHT TIME: 0
	TOTAL CHG TIME: 0
	BATTERY CAPACITY: 0
	EVTOL TYPE: 0
SEGMENT 6: 
	NUM FAULTS: 0
	NUM FLIGHTS: 0
	NUM CHG SESSIONS: 0
	PASSENGER MILES: 0
	TOTAL DISTANCE: 0
	TOTAL FLIGHT TIME: 0
	TOTAL CHG TIME: 0
	BATTERY CAPACITY: 0
	EVTOL TYPE: 0
SEGMENT 7: 
	NUM FAULTS: 0
	NUM FLIGHTS: 0
	NUM CHG SESSIONS: 0
	PASSENGER MILES: 0
	TOTAL DISTANCE: 0
	TOTAL FLIGHT TIME: 0
	TOTAL CHG TIME: 0
	BATTERY CAPACITY: 0
	EVTOL TYPE: 0
SEGMENT 8: 
	NUM FAULTS: 0
	NUM FLIGHTS: 0
	NUM CHG SESSIONS: 0
	PASSENGER MILES: 0
	TOTAL DISTANCE: 0
	TOTAL FLIGHT TIME: 0
	TOTAL CHG TIME: 0
	BATTERY CAPACITY: 0
	EVTOL TYPE: 0
SEGMENT 9: 
	NUM FAULTS: 0
	NUM FLIGHTS: 0
	NUM CHG SESSIONS: 0
	PASSENGER MILES: 0
	TOTAL DISTANCE: 0
	TOTAL FLIGHT TIME: 0
	TOTAL CHG TIME: 0
	BATTERY CAPACITY: 0
	EVTOL TYPE: 0
SEGMENT 10: 
	NUM FAULTS: 0
	NUM FLIGHTS: 0
	NUM CHG SESSIONS: 0
	PASSENGER MILES: 0
	TOTAL DISTANCE: 0
	TOTAL FLIGHT TIME: 0
	TOTAL CHG TIME: 0
	BATTERY CAPACITY: 0
	EVTOL TYPE: 0
SEGMENT 11: 
	NUM FAULTS: 0
	NUM FLIGHTS: 0
	NUM CHG SESSIONS: 0
	PASSENGER MILES: 0
	TOTAL DISTANCE: 0
	TOTAL FLIGHT TIME: 0
	TOTAL CHG TIME: 0
	BATTERY CAPACITY: 0
	EVTOL TYPE: 0
SEGMENT 12: 
	NUM FAULTS: 0
	NUM FLIGHTS: 0
	NUM CHG SESSIONS: 0
	PASSENGER MILES: 0
	TOTAL DISTANCE: 0
	TOTAL FLIGHT TIME: 0
	TOTAL CHG TIME: 0
	BATTERY CAPACITY: 0
	EVTOL TYPE: 0
SEGMENT 13: 
	NUM FAULTS: 0
	NUM FLIGHTS: 0
	NUM CHG SESSIONS: 0
	PASSENGER MILES: 0
	TOTAL DISTANCE: 0
	TOTAL FLIGHT TIME: 0
	TOTAL CHG TIME: 0
	BATTERY CAPACITY: 0
	EVTOL TYPE: 0
SEGMENT 14: 
	NUM FAULTS: 0
	NUM FLIGHTS: 0
	NUM CHG SESSIONS: 0
	PASSENGER MILES: 0
	TOTAL DISTANCE: 0
	TOTAL FLIGHT TIME: 0
	TOTAL CHG TIME: 0
	BATTERY CAPACITY: 0
	EVTOL TYPE: 0
SEGMENT 15: 
	NUM FAULTS: 0
	NUM FLIGHTS: 0
	NUM CHG SESSIONS: 0
	PASSENGER MILES: 0
	TOTAL DISTANCE: 0
	TOTAL FLIGHT TIME: 0
	TOTAL CHG TIME: 0
	BATTERY CAPACITY: 0
	EVTOL TYPE: 0
SEGMENT 16: 
	NUM FAULTS: 0
	NUM FLIGHTS: 0
	NUM CHG SESSIONS: 0
	PASSENGER MILES: 0
	TOTAL DISTANCE: 0
	TOTAL FLIGHT TIME: 0
	TOTAL CHG TIME: 0
	BATTERY CAPACITY: 0
	EVTOL TYPE: 0
SEGMENT 17: 
	NUM FAULTS: 0
	NUM FLIGHTS: 0
	NUM CHG SESSIONS: 0
	PASSENGER MILES: 0
	TOTAL DISTANCE: 0
	TOTAL FLIGHT TIME: 0
	TOTAL CHG TIME: 0
	BATTERY CAPACITY: 0
	EVTOL TYPE: 0
SEGMENT 18: 
	NUM FAULTS: 0
	NUM FLIGHTS: 0
	NUM CHG SESSIONS: 0
	PASSENGER MILES: 0
	TOTAL DISTANCE: 0
	TOTAL FLIGHT TIME: 0
	TOTAL CHG TIME: 0
	BATTERY CAPACITY: 0
	EVTOL TYPE: 0
SEGMENT 19: 
	NUM FAULTS: 0
	NUM FLIGHTS: 0
	NUM CHG SESSIONS: 0
	PASSENGER MILES: 0
	TOTAL DISTANCE: 0
	TOTAL FLIGHT TIME: 0
	TOTAL CHG TIME: 0
	BATTERY CAPACITY: 0
	EVTOL TYPE: 0
CHARGER 0-> PLANE_ID: 3
CHARGER 1-> PLANE_ID: 4
CHARGER 2-> AVAILABLE

SEGMENT 0: 
	NUM FAULTS: 0
	NUM FLIGHTS: 0
	NUM CHG SESSIONS: 1
	PASSENGER MILES: 0
	TOTAL DISTANCE: 0
	TOTAL FLIGHT TIME: 0
	TOTAL CHG TIME: 60
	BATTERY CAPACITY: 316.8
	EVTOL TYPE: 0
SEGMENT 1: 
	NUM FAULTS: 0
	NUM FLIGHTS: 0
	NUM CHG SESSIONS: 1
	PASSENGER MILES: 0
	TOTAL DISTANCE: 0
	TOTAL FLIGHT TIME: 0
	TOTAL CHG TIME: 60
	BATTERY CAPACITY: 97.5
	EVTOL TYPE: 1
SEGMENT 2: 
	NUM FAULTS: 0
	NUM FLIGHTS: 0
	NUM CHG SESSIONS: 1
	PASSENGER MILES: 0
	TOTAL DISTANCE: 0
	TOTAL FLIGHT TIME: 0
	TOTAL CHG TIME: 60
	BATTERY CAPACITY: 214.133
	EVTOL TYPE: 2
SEGMENT 3: 
	NUM FAULTS: 0
	NUM FLIGHTS: 0
	NUM CHG SESSIONS: 0
	PASSENGER MILES: 0
	TOTAL DISTANCE: 0
	TOTAL FLIGHT TIME: 0
	TOTAL CHG TIME: 0
	BATTERY CAPACITY: 120
	EVTOL TYPE: 3
SEGMENT 4: 
	NUM FAULTS: 0
	NUM FLIGHTS: 0
	NUM CHG SESSIONS: 0
	PASSENGER MILES: 0
	TOTAL DISTANCE: 0
	TOTAL FLIGHT TIME: 0
	TOTAL CHG TIME: 0
	BATTERY CAPACITY: 150
	EVTOL TYPE: 4
SEGMENT 5: 
	NUM FAULTS: 0
	NUM FLIGHTS: 0
	NUM CHG SESSIONS: 0
	PASSENGER MILES: 0
	TOTAL DISTANCE: 0
	TOTAL FLIGHT TIME: 0
	TOTAL CHG TIME: 0
	BATTERY CAPACITY: 0
	EVTOL TYPE: 0
SEGMENT 6: 
	NUM FAULTS: 0
	NUM FLIGHTS: 0
	NUM CHG SESSIONS: 0
	PASSENGER MILES: 0
	TOTAL DISTANCE: 0
	TOTAL FLIGHT TIME: 0
	TOTAL CHG TIME: 0
	BATTERY CAPACITY: 0
	EVTOL TYPE: 0
SEGMENT 7: 
	NUM FAULTS: 0
	NUM FLIGHTS: 0
	NUM CHG SESSIONS: 0
	PASSENGER MILES: 0
	TOTAL DISTANCE: 0
	TOTAL FLIGHT TIME: 0
	TOTAL CHG TIME: 0
	BATTERY CAPACITY: 0
	EVTOL TYPE: 0
SEGMENT 8: 
	NUM FAULTS: 0
	NUM FLIGHTS: 0
	NUM CHG SESSIONS: 0
	PASSENGER MILES: 0
	TOTAL DISTANCE: 0
	TOTAL FLIGHT TIME: 0
	TOTAL CHG TIME: 0
	BATTERY CAPACITY: 0
	EVTOL TYPE: 0
SEGMENT 9: 
	NUM FAULTS: 0
	NUM FLIGHTS: 0
	NUM CHG SESSIONS: 0
	PASSENGER MILES: 0
	TOTAL DISTANCE: 0
	TOTAL FLIGHT TIME: 0
	TOTAL CHG TIME: 0
	BATTERY CAPACITY: 0
	EVTOL TYPE: 0
SEGMENT 10: 
	NUM FAULTS: 0
	NUM FLIGHTS: 0
	NUM CHG SESSIONS: 0
	PASSENGER MILES: 0
	TOTAL DISTANCE: 0
	TOTAL FLIGHT TIME: 0
	TOTAL CHG TIME: 0
	BATTERY CAPACITY: 0
	EVTOL TYPE: 0
SEGMENT 11: 
	NUM FAULTS: 0
	NUM FLIGHTS: 0
	NUM CHG SESSIONS: 0
	PASSENGER MILES: 0
	TOTAL DISTANCE: 0
	TOTAL FLIGHT TIME: 0
	TOTAL CHG TIME: 0
	BATTERY CAPACITY: 0
	EVTOL TYPE: 0
SEGMENT 12: 
	NUM FAULTS: 0
	NUM FLIGHTS: 0
	NUM CHG SESSIONS: 0
	PASSENGER MILES: 0
	TOTAL DISTANCE: 0
	TOTAL FLIGHT TIME: 0
	TOTAL CHG TIME: 0
	BATTERY CAPACITY: 0
	EVTOL TYPE: 0
SEGMENT 13: 
	NUM FAULTS: 0
	NUM FLIGHTS: 0
	NUM CHG SESSIONS: 0
	PASSENGER MILES: 0
	TOTAL DISTANCE: 0
	TOTAL FLIGHT TIME: 0
	TOTAL CHG TIME: 0
	BATTERY CAPACITY: 0
	EVTOL TYPE: 0
SEGMENT 14: 
	NUM FAULTS: 0
	NUM FLIGHTS: 0
	NUM CHG SESSIONS: 0
	PASSENGER MILES: 0
	TOTAL DISTANCE: 0
	TOTAL FLIGHT TIME: 0
	TOTAL CHG TIME: 0
	BATTERY CAPACITY: 0
	EVTOL TYPE: 0
SEGMENT 15: 
	NUM FAULTS: 0
	NUM FLIGHTS: 0
	NUM CHG SESSIONS: 0
	PASSENGER MILES: 0
	TOTAL DISTANCE: 0
	TOTAL FLIGHT TIME: 0
	TOTAL CHG TIME: 0
	BATTERY CAPACITY: 0
	EVTOL TYPE: 0
SEGMENT 16: 
	NUM FAULTS: 0
	NUM FLIGHTS: 0
	NUM CHG SESSIONS: 0
	PASSENGER MILES: 0
	TOTAL DISTANCE: 0
	TOTAL FLIGHT TIME: 0
	TOTAL CHG TIME: 0
	BATTERY CAPACITY: 0
	EVTOL TYPE: 0
SEGMENT 17: 
	NUM FAULTS: 0
	NUM FLIGHTS: 0
	NUM CHG SESSIONS: 0
	PASSENGER MILES: 0
	TOTAL DISTANCE: 0
	TOTAL FLIGHT TIME: 0
	TOTAL CHG TIME: 0
	BATTERY CAPACITY: 0
	EVTOL TYPE: 0
SEGMENT 18: 
	NUM FAULTS: 0
	NUM FLIGHTS: 0
	NUM CHG SESSIONS: 0
	PASSENGER MILES: 0
	TOTAL DISTANCE: 0
	TOTAL FLIGHT TIME: 0
	TOTAL CHG TIME: 0
	BATTERY CAPACITY: 0
	EVTOL TYPE: 0
SEGMENT 19: 
	NUM FAULTS: 0
	NUM FLIGHTS: 0
	NUM CHG SESSIONS: 0
	PASSENGER MILES: 0
	TOTAL DISTANCE: 0
	TOTAL FLIGHT TIME: 0
	TOTAL CHG TIME: 0
	BATTERY CAPACITY: 0
	EVTOL TYPE: 0
CHARGER 0-> AVAILABLE
CHARGER 1-> AVAILABLE
CHARGER 2-> AVAILABLE

SEGMENT 0: 
	NUM FAULTS: 0
	NUM FLIGHTS: 0
	NUM CHG SESSIONS: 1
	PASSENGER MILES: 0
	TOTAL DISTANCE: 0
	TOTAL FLIGHT TIME: 0
	TOTAL CHG TIME: 60
	BATTERY CAPACITY: 313.6
	EVTOL TYPE: 0
SEGMENT 1: 
	NUM FAULTS: 0
	NUM FLIGHTS: 0
	NUM CHG SESSIONS: 1
	PASSENGER MILES: 0
	TOTAL DISTANCE: 0
	TOTAL FLIGHT TIME: 0
	TOTAL CHG TIME: 60
	BATTERY CAPACITY: 95
	EVTOL TYPE: 1
SEGMENT 2: 
	NUM FAULTS: 0
	NUM FLIGHTS: 0
	NUM CHG SESSIONS: 1
	PASSENGER MILES: 0
	TOTAL DISTANCE: 0
	TOTAL FLIGHT TIME: 0
	TOTAL CHG TIME: 60
	BATTERY CAPACITY: 208.267
	EVTOL TYPE: 2
SEGMENT 3: 
	NUM FAULTS: 0
	NUM FLIGHTS: 0
	NUM CHG SESSIONS: 1
	PASSENGER MILES: 0
	TOTAL DISTANCE: 0
	TOTAL FLIGHT TIME: 0
	TOTAL CHG TIME: 60
	BATTERY CAPACITY: 120
	EVTOL TYPE: 3
SEGMENT 4: 
	NUM FAULTS: 0
	NUM FLIGHTS: 0
	NUM CHG SESSIONS: 1
	PASSENGER MILES: 0
	TOTAL DISTANCE: 0
	TOTAL FLIGHT TIME: 0
	TOTAL CHG TIME: 60
	BATTERY CAPACITY: 150
	EVTOL TYPE: 4
SEGMENT 5: 
	NUM FAULTS: 0
	NUM FLIGHTS: 0
	NUM CHG SESSIONS: 0
	PASSENGER MILES: 0
	TOTAL DISTANCE: 0
	TOTAL FLIGHT TIME: 0
	TOTAL CHG TIME: 0
	BATTERY CAPACITY: 0
	EVTOL TYPE: 0
SEGMENT 6: 
	NUM FAULTS: 0
	NUM FLIGHTS: 0
	NUM CHG SESSIONS: 0
	PASSENGER MILES: 0
	TOTAL DISTANCE: 0
	TOTAL FLIGHT TIME: 0
	TOTAL CHG TIME: 0
	BATTERY CAPACITY: 0
	EVTOL TYPE: 0
SEGMENT 7: 
	NUM FAULTS: 0
	NUM FLIGHTS: 0
	NUM CHG SESSIONS: 0
	PASSENGER MILES: 0
	TOTAL DISTANCE: 0
	TOTAL FLIGHT TIME: 0
	TOTAL CHG TIME: 0
	BATTERY CAPACITY: 0
	EVTOL TYPE: 0
SEGMENT 8: 
	NUM FAULTS: 0
	NUM FLIGHTS: 0
	NUM CHG SESSIONS: 0
	PASSENGER MILES: 0
	TOTAL DISTANCE: 0
	TOTAL FLIGHT TIME: 0
	TOTAL CHG TIME: 0
	BATTERY CAPACITY: 0
	EVTOL TYPE: 0
SEGMENT 9: 
	NUM FAULTS: 0
	NUM FLIGHTS: 0
	NUM CHG SESSIONS: 0
	PASSENGER MILES: 0
	TOTAL DISTANCE: 0
	TOTAL FLIGHT TIME: 0
	TOTAL CHG TIME: 0
	BATTERY CAPACITY: 0
	EVTOL TYPE: 0
SEGMENT 10: 
	NUM FAULTS: 0
	NUM FLIGHTS: 0
	NUM CHG SESSIONS: 0
	PASSENGER MILES: 0
	TOTAL DISTANCE: 0
	TOTAL FLIGHT TIME: 0
	TOTAL CHG TIME: 0
	BATTERY CAPACITY: 0
	EVTOL TYPE: 0
SEGMENT 11: 
	NUM FAULTS: 0
	NUM FLIGHTS: 0
	NUM CHG SESSIONS: 0
	PASSENGER MILES: 0
	TOTAL DISTANCE: 0
	TOTAL FLIGHT TIME: 0
	TOTAL CHG TIME: 0
	BATTERY CAPACITY: 0
	EVTOL TYPE: 0
SEGMENT 12: 
	NUM FAULTS: 0
	NUM FLIGHTS: 0
	NUM CHG SESSIONS: 0
	PASSENGER MILES: 0
	TOTAL DISTANCE: 0
	TOTAL FLIGHT TIME: 0
	TOTAL CHG TIME: 0
	BATTERY CAPACITY: 0
	EVTOL TYPE: 0
SEGMENT 13: 
	NUM FAULTS: 0
	NUM FLIGHTS: 0
	NUM CHG SESSIONS: 0
	PASSENGER MILES: 0
	TOTAL DISTANCE: 0
	TOTAL FLIGHT TIME: 0
	TOTAL CHG TIME: 0
	BATTERY CAPACITY: 0
	EVTOL TYPE: 0
SEGMENT 14: 
	NUM FAULTS: 0
	NUM FLIGHTS: 0
	NUM CHG SESSIONS: 0
	PASSENGER MILES: 0
	TOTAL DISTANCE: 0
	TOTAL FLIGHT TIME: 0
	TOTAL CHG TIME: 0
	BATTERY CAPACITY: 0
	EVTOL TYPE: 0
SEGMENT 15: 
	NUM FAULTS: 0
	NUM FLIGHTS: 0
	NUM CHG SESSIONS: 0
	PASSENGER MILES: 0
	TOTAL DISTANCE: 0
	TOTAL FLIGHT TIME: 0
	TOTAL CHG TIME: 0
	BATTERY CAPACITY: 0
	EVTOL TYPE: 0
SEGMENT 16: 
	NUM FAULTS: 0
	NUM FLIGHTS: 0
	NUM CHG SESSIONS: 0
	PASSENGER MILES: 0
	TOTAL DISTANCE: 0
	TOTAL FLIGHT TIME: 0
	TOTAL CHG TIME: 0
	BATTERY CAPACITY: 0
	EVTOL TYPE: 0
SEGMENT 17: 
	NUM FAULTS: 0
	NUM FLIGHTS: 0
	NUM CHG SESSIONS: 0
	PASSENGER MILES: 0
	TOTAL DISTANCE: 0
	TOTAL FLIGHT TIME: 0
	TOTAL CHG TIME: 0
	BATTERY CAPACITY: 0
	EVTOL TYPE: 0
SEGMENT 18: 
	NUM FAULTS: 0
	NUM FLIGHTS: 0
	NUM CHG SESSIONS: 0
	PASSENGER MILES: 0
	TOTAL DISTANCE: 0
	TOTAL FLIGHT TIME: 0
	TOTAL CHG TIME: 0
	BATTERY CAPACITY: 0
	EVTOL TYPE: 0
SEGMENT 19: 
	NUM FAULTS: 0
	NUM FLIGHTS: 0
	NUM CHG SESSIONS: 0
	PASSENGER MILES: 0
	TOTAL DISTANCE: 0
	TOTAL FLIGHT TIME: 0
	TOTAL CHG TIME: 0
	BATTERY CAPACITY: 0
	EVTOL TYPE: 0
CHARGER 0-> AVAILABLE
CHARGER 1-> AVAILABLE
CHARGER 2-> AVAILABLE

SEGMENT 0: 
	NUM FAULTS: 0
	NUM FLIGHTS: 0
	NUM CHG SESSIONS: 1
	PASSENGER MILES: 0
	TOTAL DISTANCE: 0
	TOTAL FLIGHT TIME: 0
	TOTAL CHG TIME: 60
	BATTERY CAPACITY: 310.4
	EVTOL TYPE: 0
SEGMENT 1: 
	NUM FAULTS: 0
	NUM FLIGHTS: 0
	NUM CHG SESSIONS: 1
	PASSENGER MILES: 0
	TOTAL DISTANCE: 0
	TOTAL FLIGHT TIME: 0
	TOTAL CHG TIME: 60
	BATTERY CAPACITY: 92.5
	EVTOL TYPE: 1
SEGMENT 2: 
	NUM FAULTS: 0
	NUM FLIGHTS: 0
	NUM CHG SESSIONS: 1
	PASSENGER MILES: 0
	TOTAL DISTANCE: 0
	TOTAL FLIGHT TIME: 0
	TOTAL CHG TIME: 60
	BATTERY CAPACITY: 202.4
	EVTOL TYPE: 2
SEGMENT 3: 
	NUM FAULTS: 0
	NUM FLIGHTS: 0
	NUM CHG SESSIONS: 1
	PASSENGER MILES: 0
	TOTAL DISTANCE: 0
	TOTAL FLIGHT TIME: 0
	TOTAL CHG TIME: 60
	BATTERY CAPACITY: 118.8
	EVTOL TYPE: 3
SEGMENT 4: 
	NUM FAULTS: 0
	NUM FLIGHTS: 0
	NUM CHG SESSIONS: 1
	PASSENGER MILES: 0
	TOTAL DISTANCE: 0
	TOTAL FLIGHT TIME: 0
	TOTAL CHG TIME: 60
	BATTERY CAPACITY: 147.1
	EVTOL TYPE: 4
SEGMENT 5: 
	NUM FAULTS: 0
	NUM FLIGHTS: 0
	NUM CHG SESSIONS: 0
	PASSENGER MILES: 0
	TOTAL DISTANCE: 0
	TOTAL FLIGHT TIME: 0
	TOTAL CHG TIME: 0
	BATTERY CAPACITY: 0
	EVTOL TYPE: 0
SEGMENT 6: 
	NUM FAULTS: 0
	NUM FLIGHTS: 0
	NUM CHG SESSIONS: 0
	PASSENGER MILES: 0
	TOTAL DISTANCE: 0
	TOTAL FLIGHT TIME: 0
	TOTAL CHG TIME: 0
	BATTERY CAPACITY: 0
	EVTOL TYPE: 0
SEGMENT 7: 
	NUM FAULTS: 0
	NUM FLIGHTS: 0
	NUM CHG SESSIONS: 0
	PASSENGER MILES: 0
	TOTAL DISTANCE: 0
	TOTAL FLIGHT TIME: 0
	TOTAL CHG TIME: 0
	BATTERY CAPACITY: 0
	EVTOL TYPE: 0
SEGMENT 8: 
	NUM FAULTS: 0
	NUM FLIGHTS: 0
	NUM CHG SESSIONS: 0
	PASSENGER MILES: 0
	TOTAL DISTANCE: 0
	TOTAL FLIGHT TIME: 0
	TOTAL CHG TIME: 0
	BATTERY CAPACITY: 0
	EVTOL TYPE: 0
SEGMENT 9: 
	NUM FAULTS: 0
	NUM FLIGHTS: 0
	NUM CHG SESSIONS: 0
	PASSENGER MILES: 0
	TOTAL DISTANCE: 0
	TOTAL FLIGHT TIME: 0
	TOTAL CHG TIME: 0
	BATTERY CAPACITY: 0
	EVTOL TYPE: 0
SEGMENT 10: 
	NUM FAULTS: 0
	NUM FLIGHTS: 0
	NUM CHG SESSIONS: 0
	PASSENGER MILES: 0
	TOTAL DISTANCE: 0
	TOTAL FLIGHT TIME: 0
	TOTAL CHG TIME: 0
	BATTERY CAPACITY: 0
	EVTOL TYPE: 0
SEGMENT 11: 
	NUM FAULTS: 0
	NUM FLIGHTS: 0
	NUM CHG SESSIONS: 0
	PASSENGER MILES: 0
	TOTAL DISTANCE: 0
	TOTAL FLIGHT TIME: 0
	TOTAL CHG TIME: 0
	BATTERY CAPACITY: 0
	EVTOL TYPE: 0
SEGMENT 12: 
	NUM FAULTS: 0
	NUM FLIGHTS: 0
	NUM CHG SESSIONS: 0
	PASSENGER MILES: 0
	TOTAL DISTANCE: 0
	TOTAL FLIGHT TIME: 0
	TOTAL CHG TIME: 0
	BATTERY CAPACITY: 0
	EVTOL TYPE: 0
SEGMENT 13: 
	NUM FAULTS: 0
	NUM FLIGHTS: 0
	NUM CHG SESSIONS: 0
	PASSENGER MILES: 0
	TOTAL DISTANCE: 0
	TOTAL FLIGHT TIME: 0
	TOTAL CHG TIME: 0
	BATTERY CAPACITY: 0
	EVTOL TYPE: 0
SEGMENT 14: 
	NUM FAULTS: 0
	NUM FLIGHTS: 0
	NUM CHG SESSIONS: 0
	PASSENGER MILES: 0
	TOTAL DISTANCE: 0
	TOTAL FLIGHT TIME: 0
	TOTAL CHG TIME: 0
	BATTERY CAPACITY: 0
	EVTOL TYPE: 0
SEGMENT 15: 
	NUM FAULTS: 0
	NUM FLIGHTS: 0
	NUM CHG SESSIONS: 0
	PASSENGER MILES: 0
	TOTAL DISTANCE: 0
	TOTAL FLIGHT TIME: 0
	TOTAL CHG TIME: 0
	BATTERY CAPACITY: 0
	EVTOL TYPE: 0
SEGMENT 16: 
	NUM FAULTS: 0
	NUM FLIGHTS: 0
	NUM CHG SESSIONS: 0
	PASSENGER MILES: 0
	TOTAL DISTANCE: 0
	TOTAL FLIGHT TIME: 0
	TOTAL CHG TIME: 0
	BATTERY CAPACITY: 0
	EVTOL TYPE: 0
SEGMENT 17: 
	NUM FAULTS: 0
	NUM FLIGHTS: 0
	NUM CHG SESSIONS: 0
	PASSENGER MILES: 0
	TOTAL DISTANCE: 0
	TOTAL FLIGHT TIME: 0
	TOTAL CHG TIME: 0
	BATTERY CAPACITY: 0
	EVTOL TYPE: 0
SEGMENT 18: 
	NUM FAULTS: 0
	NUM FLIGHTS: 0
	NUM CHG SESSIONS: 0
	PASSENGER MILES: 0
	TOTAL DISTANCE: 0
	TOTAL FLIGHT TIME: 0
	TOTAL CHG TIME: 0
	BATTERY CAPACITY: 0
	EVTOL TYPE: 0
SEGMENT 19: 
	NUM FAULTS: 0
	NUM FLIGHTS: 0
	NUM CHG SESSIONS: 0
	PASSENGER MILES: 0
	TOTAL DISTANCE: 0
	TOTAL FLIGHT TIME: 0
	TOTAL CHG TIME: 0
	BATTERY CAPACITY: 0
	EVTOL TYPE: 0
CHARGER 0-> AVAILABLE
CHARGER 1-> AVAILABLE
CHARGER 2-> AVAILABLE

SEGMENT 0: 
	NUM FAULTS: 0
	NUM FLIGHTS: 0
	NUM CHG SESSIONS: 1
	PASSENGER MILES: 0
	TOTAL DISTANCE: 0
	TOTAL FLIGHT TIME: 0
	TOTAL CHG TIME: 60
	BATTERY CAPACITY: 307.2
	EVTOL TYPE: 0
SEGMENT 1: 
	NUM FAULTS: 0
	NUM FLIGHTS: 0
	NUM CHG SESSIONS: 1
	PASSENGER MILES: 0
	TOTAL DISTANCE: 0
	TOTAL FLIGHT TIME: 0
	TOTAL CHG TIME: 60
	BATTERY CAPACITY: 90
	EVTOL TYPE: 1
SEGMENT 2: 
	NUM FAULTS: 0
	NUM FLIGHTS: 0
	NUM CHG SESSIONS: 1
	PASSENGER MILES: 0
	TOTAL DISTANCE: 0
	TOTAL FLIGHT TIME: 0
	TOTAL CHG TIME: 60
	BATTERY CAPACITY: 196.533
	EVTOL TYPE: 2
SEGMENT 3: 
	NUM FAULTS: 0
	NUM FLIGHTS: 0
	NUM CHG SESSIONS: 1
	PASSENGER MILES: 0
	TOTAL DISTANCE: 0
	TOTAL FLIGHT TIME: 0
	TOTAL CHG TIME: 60
	BATTERY CAPACITY: 117.6
	EVTOL TYPE: 3
SEGMENT 4: 
	NUM FAULTS: 0
	NUM FLIGHTS: 0
	NUM CHG SESSIONS: 1
	PASSENGER MILES: 0
	TOTAL DISTANCE: 0
	TOTAL FLIGHT TIME: 0
	TOTAL CHG TIME: 60
	BATTERY CAPACITY: 144.2
	EVTOL TYPE: 4
SEGMENT 5: 
	NUM FAULTS: 0
	NUM FLIGHTS: 0
	NUM CHG SESSIONS: 0
	PASSENGER MILES: 0
	TOTAL DISTANCE: 0
	TOTAL FLIGHT TIME: 0
	TOTAL CHG TIME: 0
	BATTERY CAPACITY: 0
	EVTOL TYPE: 0
SEGMENT 6: 
	NUM FAULTS: 0
	NUM FLIGHTS: 0
	NUM CHG SESSIONS: 0
	PASSENGER MILES: 0
	TOTAL DISTANCE: 0
	TOTAL FLIGHT TIME: 0
	TOTAL CHG TIME: 0
	BATTERY CAPACITY: 0
	EVTOL TYPE: 0
SEGMENT 7: 
	NUM FAULTS: 0
	NUM FLIGHTS: 0
	NUM CHG SESSIONS: 0
	PASSENGER MILES: 0
	TOTAL DISTANCE: 0
	TOTAL FLIGHT TIME: 0
	TOTAL CHG TIME: 0
	BATTERY CAPACITY: 0
	EVTOL TYPE: 0
SEGMENT 8: 
	NUM FAULTS: 0
	NUM FLIGHTS: 0
	NUM CHG SESSIONS: 0
	PASSENGER MILES: 0
	TOTAL DISTANCE: 0
	TOTAL FLIGHT TIME: 0
	TOTAL CHG TIME: 0
	BATTERY CAPACITY: 0
	EVTOL TYPE: 0
SEGMENT 9: 
	NUM FAULTS: 0
	NUM FLIGHTS: 0
	NUM CHG SESSIONS: 0
	PASSENGER MILES: 0
	TOTAL DISTANCE: 0
	TOTAL FLIGHT TIME: 0
	TOTAL CHG TIME: 0
	BATTERY CAPACITY: 0
	EVTOL TYPE: 0
SEGMENT 10: 
	NUM FAULTS: 0
	NUM FLIGHTS: 0
	NUM CHG SESSIONS: 0
	PASSENGER MILES: 0
	TOTAL DISTANCE: 0
	TOTAL FLIGHT TIME: 0
	TOTAL CHG TIME: 0
	BATTERY CAPACITY: 0
	EVTOL TYPE: 0
SEGMENT 11: 
	NUM FAULTS: 0
	NUM FLIGHTS: 0
	NUM CHG SESSIONS: 0
	PASSENGER MILES: 0
	TOTAL DISTANCE: 0
	TOTAL FLIGHT TIME: 0
	TOTAL CHG TIME: 0
	BATTERY CAPACITY: 0
	EVTOL TYPE: 0
SEGMENT 12: 
	NUM FAULTS: 0
	NUM FLIGHTS: 0
	NUM CHG SESSIONS: 0
	PASSENGER MILES: 0
	TOTAL DISTANCE: 0
	TOTAL FLIGHT TIME: 0
	TOTAL CHG TIME: 0
	BATTERY CAPACITY: 0
	EVTOL TYPE: 0
SEGMENT 13: 
	NUM FAULTS: 0
	NUM FLIGHTS: 0
	NUM CHG SESSIONS: 0
	PASSENGER MILES: 0
	TOTAL DISTANCE: 0
	TOTAL FLIGHT TIME: 0
	TOTAL CHG TIME: 0
	BATTERY CAPACITY: 0
	EVTOL TYPE: 0
SEGMENT 14: 
	NUM FAULTS: 0
	NUM FLIGHTS: 0
	NUM CHG SESSIONS: 0
	PASSENGER MILES: 0
	TOTAL DISTANCE: 0
	TOTAL FLIGHT TIME: 0
	TOTAL CHG TIME: 0
	BATTERY CAPACITY: 0
	EVTOL TYPE: 0
SEGMENT 15: 
	NUM FAULTS: 0
	NUM FLIGHTS: 0
	NUM CHG SESSIONS: 0
	PASSENGER MILES: 0
	TOTAL DISTANCE: 0
	TOTAL FLIGHT TIME: 0
	TOTAL CHG TIME: 0
	BATTERY CAPACITY: 0
	EVTOL TYPE: 0
SEGMENT 16: 
	NUM FAULTS: 0
	NUM FLIGHTS: 0
	NUM CHG SESSIONS: 0
	PASSENGER MILES: 0
	TOTAL DISTANCE: 0
	TOTAL FLIGHT TIME: 0
	TOTAL CHG TIME: 0
	BATTERY CAPACITY: 0
	EVTOL TYPE: 0
SEGMENT 17: 
	NUM FAULTS: 0
	NUM FLIGHTS: 0
	NUM CHG SESSIONS: 0
	PASSENGER MILES: 0
	TOTAL DISTANCE: 0
	TOTAL FLIGHT TIME: 0
	TOTAL CHG TIME: 0
	BATTERY CAPACITY: 0
	EVTOL TYPE: 0
SEGMENT 18: 
	NUM FAULTS: 0
	NUM FLIGHTS: 0
	NUM CHG SESSIONS: 0
	PASSENGER MILES: 0
	TOTAL DISTANCE: 0
	TOTAL FLIGHT TIME: 0
	TOTAL CHG TIME: 0
	BATTERY CAPACITY: 0
	EVTOL TYPE: 0
SEGMENT 19: 
	NUM FAULTS: 0
	NUM FLIGHTS: 0
	NUM CHG SESSIONS: 0
	PASSENGER MILES: 0
	TOTAL DISTANCE: 0
	TOTAL FLIGHT TIME: 0
	TOTAL CHG TIME: 0
	BATTERY CAPACITY: 0
	EVTOL TYPE: 0
CHARGER 0-> AVAILABLE
CHARGER 1-> AVAILABLE
CHARGER 2-> AVAILABLE

SEGMENT 0: 
	NUM FAULTS: 0
	NUM FLIGHTS: 0
	NUM CHG SESSIONS: 1
	PASSENGER MILES: 0
	TOTAL DISTANCE: 0
	TOTAL FLIGHT TIME: 0
	TOTAL CHG TIME: 60
	BATTERY CAPACITY: 304
	EVTOL TYPE: 0
SEGMENT 1: 
	NUM FAULTS: 0
	NUM FLIGHTS: 0
	NUM CHG SESSIONS: 1
	PASSENGER MILES: 0
	TOTAL DISTANCE: 0
	TOTAL FLIGHT TIME: 0
	TOTAL CHG TIME: 60
	BATTERY CAPACITY: 87.5
	EVTOL TYPE: 1
SEGMENT 2: 
	NUM FAULTS: 0
	NUM FLIGHTS: 0
	NUM CHG SESSIONS: 1
	PASSENGER MILES: 0
	TOTAL DISTANCE: 0
	TOTAL FLIGHT TIME: 0
	TOTAL CHG TIME: 60
	BATTERY CAPACITY: 190.667
	EVTOL TYPE: 2
SEGMENT 3: 
	NUM FAULTS: 0
	NUM FLIGHTS: 0
	NUM CHG SESSIONS: 1
	PASSENGER MILES: 0
	TOTAL DISTANCE: 0
	TOTAL FLIGHT TIME: 0
	TOTAL CHG TIME: 60
	BATTERY CAPACITY: 116.4
	EVTOL TYPE: 3
SEGMENT 4: 
	NUM FAULTS: 0
	NUM FLIGHTS: 0
	NUM CHG SESSIONS: 1
	PASSENGER MILES: 0
	TOTAL DISTANCE: 0
	TOTAL FLIGHT TIME: 0
	TOTAL CHG TIME: 60
	BATTERY CAPACITY: 141.3
	EVTOL TYPE: 4
SEGMENT 5: 
	NUM FAULTS: 0
	NUM FLIGHTS: 0
	NUM CHG SESSIONS: 0
	PASSENGER MILES: 0
	TOTAL DISTANCE: 0
	TOTAL FLIGHT TIME: 0
	TOTAL CHG TIME: 0
	BATTERY CAPACITY: 0
	EVTOL TYPE: 0
SEGMENT 6: 
	NUM FAULTS: 0
	NUM FLIGHTS: 0
	NUM CHG SESSIONS: 0
	PASSENGER MILES: 0
	TOTAL DISTANCE: 0
	TOTAL FLIGHT TIME: 0
	TOTAL CHG TIME: 0
	BATTERY CAPACITY: 0
	EVTOL TYPE: 0
SEGMENT 7: 
	NUM FAULTS: 0
	NUM FLIGHTS: 0
	NUM CHG SESSIONS: 0
	PASSENGER MILES: 0
	TOTAL DISTANCE: 0
	TOTAL FLIGHT TIME: 0
	TOTAL CHG TIME: 0
	BATTERY CAPACITY: 0
	EVTOL TYPE: 0
SEGMENT 8: 
	NUM FAULTS: 0
	NUM FLIGHTS: 0
	NUM CHG SESSIONS: 0
	PASSENGER MILES: 0
	TOTAL DISTANCE: 0
	TOTAL FLIGHT TIME: 0
	TOTAL CHG TIME: 0
	BATTERY CAPACITY: 0
	EVTOL TYPE: 0
SEGMENT 9: 
	NUM FAULTS: 0
	NUM FLIGHTS: 0
	NUM CHG SESSIONS: 0
	PASSENGER MILES: 0
	TOTAL DISTANCE: 0
	TOTAL FLIGHT TIME: 0
	TOTAL CHG TIME: 0
	BATTERY CAPACITY: 0
	EVTOL TYPE: 0
SEGMENT 10: 
	NUM FAULTS: 0
	NUM FLIGHTS: 0
	NUM CHG SESSIONS: 0
	PASSENGER MILES: 0
	TOTAL DISTANCE: 0
	TOTAL FLIGHT TIME: 0
	TOTAL CHG TIME: 0
	BATTERY CAPACITY: 0
	EVTOL TYPE: 0
SEGMENT 11: 
	NUM FAULTS: 0
	NUM FLIGHTS: 0
	NUM CHG SESSIONS: 0
	PASSENGER MILES: 0
	TOTAL DISTANCE: 0
	TOTAL FLIGHT TIME: 0
	TOTAL CHG TIME: 0
	BATTERY CAPACITY: 0
	EVTOL TYPE: 0
SEGMENT 12: 
	NUM FAULTS: 0
	NUM FLIGHTS: 0
	NUM CHG SESSIONS: 0
	PASSENGER MILES: 0
	TOTAL DISTANCE: 0
	TOTAL FLIGHT TIME: 0
	TOTAL CHG TIME: 0
	BATTERY CAPACITY: 0
	EVTOL TYPE: 0
SEGMENT 13: 
	NUM FAULTS: 0
	NUM FLIGHTS: 0
	NUM CHG SESSIONS: 0
	PASSENGER MILES: 0
	TOTAL DISTANCE: 0
	TOTAL FLIGHT TIME: 0
	TOTAL CHG TIME: 0
	BATTERY CAPACITY: 0
	EVTOL TYPE: 0
SEGMENT 14: 
	NUM FAULTS: 0
	NUM FLIGHTS: 0
	NUM CHG SESSIONS: 0
	PASSENGER MILES: 0
	TOTAL DISTANCE: 0
	TOTAL FLIGHT TIME: 0
	TOTAL CHG TIME: 0
	BATTERY CAPACITY: 0
	EVTOL TYPE: 0
SEGMENT 15: 
	NUM FAULTS: 0
	NUM FLIGHTS: 0
	NUM CHG SESSIONS: 0
	PASSENGER MILES: 0
	TOTAL DISTANCE: 0
	TOTAL FLIGHT TIME: 0
	TOTAL CHG TIME: 0
	BATTERY CAPACITY: 0
	EVTOL TYPE: 0
SEGMENT 16: 
	NUM FAULTS: 0
	NUM FLIGHTS: 0
	NUM CHG SESSIONS: 0
	PASSENGER MILES: 0
	TOTAL DISTANCE: 0
	TOTAL FLIGHT TIME: 0
	TOTAL CHG TIME: 0
	BATTERY CAPACITY: 0
	EVTOL TYPE: 0
SEGMENT 17: 
	NUM FAULTS: 0
	NUM FLIGHTS: 0
	NUM CHG SESSIONS: 0
	PASSENGER MILES: 0
	TOTAL DISTANCE: 0
	TOTAL FLIGHT TIME: 0
	TOTAL CHG TIME: 0
	BATTERY CAPACITY: 0
	EVTOL TYPE: 0
SEGMENT 18: 
	NUM FAULTS: 0
	NUM FLIGHTS: 0
	NUM CHG SESSIONS: 0
	PASSENGER MILES: 0
	TOTAL DISTANCE: 0
	TOTAL FLIGHT TIME: 0
	TOTAL CHG TIME: 0
	BATTERY CAPACITY: 0
	EVTOL TYPE: 0
SEGMENT 19: 
	NUM FAULTS: 0
	NUM FLIGHTS: 0
	NUM CHG SESSIONS: 0
	PASSENGER MILES: 0
	TOTAL DISTANCE: 0
	TOTAL FLIGHT TIME: 0
	TOTAL CHG TIME: 0
	BATTERY CAPACITY: 0
	EVTOL TYPE: 0
CHARGER 0-> AVAILABLE
CHARGER 1-> AVAILABLE
CHARGER 2-> AVAILABLE

SEGMENT 0: 
	NUM FAULTS: 0
	NUM FLIGHTS: 0
	NUM CHG SESSIONS: 1
	PASSENGER MILES: 0
	TOTAL DISTANCE: 0
	TOTAL FLIGHT TIME: 0
	TOTAL CHG TIME: 60
	BATTERY CAPACITY: 300.8
	EVTOL TYPE: 0
SEGMENT 1: 
	NUM FAULTS: 0
	NUM FLIGHTS: 0
	NUM CHG SESSIONS: 1
	PASSENGER MILES: 0
	TOTAL DISTANCE: 0
	TOTAL FLIGHT TIME: 0
	TOTAL CHG TIME: 60
	BATTERY CAPACITY: 85
	EVTOL TYPE: 1
SEGMENT 2: 
	NUM FAULTS: 0
	NUM FLIGHTS: 0
	NUM CHG SESSIONS: 1
	PASSENGER MILES: 0
	TOTAL DISTANCE: 0
	TOTAL FLIGHT TIME: 0
	TOTAL CHG TIME: 60
	BATTERY CAPACITY: 184.8
	EVTOL TYPE: 2
SEGMENT 3: 
	NUM FAULTS: 0
	NUM FLIGHTS: 0
	NUM CHG SESSIONS: 1
	PASSENGER MILES: 0
	TOTAL DISTANCE: 0
	TOTAL FLIGHT TIME: 0
	TOTAL CHG TIME: 60
	BATTERY CAPACITY: 115.2
	EVTOL TYPE: 3
SEGMENT 4: 
	NUM FAULTS: 0
	NUM FLIGHTS: 0
	NUM CHG SESSIONS: 1
	PASSENGER MILES: 0
	TOTAL DISTANCE: 0
	TOTAL FLIGHT TIME: 0
	TOTAL CHG TIME: 60
	BATTERY CAPACITY: 138.4
	EVTOL TYPE: 4
SEGMENT 5: 
	NUM FAULTS: 0
	NUM FLIGHTS: 0
	NUM CHG SESSIONS: 0
	PASSENGER MILES: 0
	TOTAL DISTANCE: 0
	TOTAL FLIGHT TIME: 0
	TOTAL CHG TIME: 0
	BATTERY CAPACITY: 0
	EVTOL TYPE: 0
SEGMENT 6: 
	NUM FAULTS: 0
	NUM FLIGHTS: 0
	NUM CHG SESSIONS: 0
	PASSENGER MILES: 0
	TOTAL DISTANCE: 0
	TOTAL FLIGHT TIME: 0
	TOTAL CHG TIME: 0
	BATTERY CAPACITY: 0
	EVTOL TYPE: 0
SEGMENT 7: 
	NUM FAULTS: 0
	NUM FLIGHTS: 0
	NUM CHG SESSIONS: 0
	PASSENGER MILES: 0
	TOTAL DISTANCE: 0
	TOTAL FLIGHT TIME: 0
	TOTAL CHG TIME: 0
	BATTERY CAPACITY: 0
	EVTOL TYPE: 0
SEGMENT 8: 
	NUM FAULTS: 0
	NUM FLIGHTS: 0
	NUM CHG SESSIONS: 0
	PASSENGER MILES: 0
	TOTAL DISTANCE: 0
	TOTAL FLIGHT TIME: 0
	TOTAL CHG TIME: 0
	BATTERY CAPACITY: 0
	EVTOL TYPE: 0
SEGMENT 9: 
	NUM FAULTS: 0
	NUM FLIGHTS: 0
	NUM CHG SESSIONS: 0
	PASSENGER MILES: 0
	TOTAL DISTANCE: 0
	TOTAL FLIGHT TIME: 0
	TOTAL CHG TIME: 0
	BATTERY CAPACITY: 0
	EVTOL TYPE: 0
SEGMENT 10: 
	NUM FAULTS: 0
	NUM FLIGHTS: 0
	NUM CHG SESSIONS: 0
	PASSENGER MILES: 0
	TOTAL DISTANCE: 0
	TOTAL FLIGHT TIME: 0
	TOTAL CHG TIME: 0
	BATTERY CAPACITY: 0
	EVTOL TYPE: 0
SEGMENT 11: 
	NUM FAULTS: 0
	NUM FLIGHTS: 0
	NUM CHG SESSIONS: 0
	PASSENGER MILES: 0
	TOTAL DISTANCE: 0
	TOTAL FLIGHT TIME: 0
	TOTAL CHG TIME: 0
	BATTERY CAPACITY: 0
	EVTOL TYPE: 0
SEGMENT 12: 
	NUM FAULTS: 0
	NUM FLIGHTS: 0
	NUM CHG SESSIONS: 0
	PASSENGER MILES: 0
	TOTAL DISTANCE: 0
	TOTAL FLIGHT TIME: 0
	TOTAL CHG TIME: 0
	BATTERY CAPACITY: 0
	EVTOL TYPE: 0
SEGMENT 13: 
	NUM FAULTS: 0
	NUM FLIGHTS: 0
	NUM CHG SESSIONS: 0
	PASSENGER MILES: 0
	TOTAL DISTANCE: 0
	TOTAL FLIGHT TIME: 0
	TOTAL CHG TIME: 0
	BATTERY CAPACITY: 0
	EVTOL TYPE: 0
SEGMENT 14: 
	NUM FAULTS: 0
	NUM FLIGHTS: 0
	NUM CHG SESSIONS: 0
	PASSENGER MILES: 0
	TOTAL DISTANCE: 0
	TOTAL FLIGHT TIME: 0
	TOTAL CHG TIME: 0
	BATTERY CAPACITY: 0
	EVTOL TYPE: 0
SEGMENT 15: 
	NUM FAULTS: 0
	NUM FLIGHTS: 0
	NUM CHG SESSIONS: 0
	PASSENGER MILES: 0
	TOTAL DISTANCE: 0
	TOTAL FLIGHT TIME: 0
	TOTAL CHG TIME: 0
	BATTERY CAPACITY: 0
	EVTOL TYPE: 0
SEGMENT 16: 
	NUM FAULTS: 0
	NUM FLIGHTS: 0
	NUM CHG SESSIONS: 0
	PASSENGER MILES: 0
	TOTAL DISTANCE: 0
	TOTAL FLIGHT TIME: 0
	TOTAL CHG TIME: 0
	BATTERY CAPACITY: 0
	EVTOL TYPE: 0
SEGMENT 17: 
	NUM FAULTS: 0
	NUM FLIGHTS: 0
	NUM CHG SESSIONS: 0
	PASSENGER MILES: 0
	TOTAL DISTANCE: 0
	TOTAL FLIGHT TIME: 0
	TOTAL CHG TIME: 0
	BATTERY CAPACITY: 0
	EVTOL TYPE: 0
SEGMENT 18: 
	NUM FAULTS: 0
	NUM FLIGHTS: 0
	NUM CHG SESSIONS: 0
	PASSENGER MILES: 0
	TOTAL DISTANCE: 0
	TOTAL FLIGHT TIME: 0
	TOTAL CHG TIME: 0
	BATTERY CAPACITY: 0
	EVTOL TYPE: 0
SEGMENT 19: 
	NUM FAULTS: 0
	NUM FLIGHTS: 0
	NUM CHG SESSIONS: 0
	PASSENGER MILES: 0
	TOTAL DISTANCE: 0
	TOTAL FLIGHT TIME: 0
	TOTAL CHG TIME: 0
	BATTERY CAPACITY: 0
	EVTOL TYPE: 0
CHARGER 0-> AVAILABLE
CHARGER 1-> AVAILABLE
CHARGER 2-> AVAILABLE

SEGMENT 0: 
	NUM FAULTS: 0
	NUM FLIGHTS: 0
	NUM CHG SESSIONS: 1
	PASSENGER MILES: 0
	TOTAL DISTANCE: 0
	TOTAL FLIGHT TIME: 0
	TOTAL CHG TIME: 60
	BATTERY CAPACITY: 297.6
	EVTOL TYPE: 0
SEGMENT 1: 
	NUM FAULTS: 0
	NUM FLIGHTS: 0
	NUM CHG SESSIONS: 1
	PASSENGER MILES: 0
	TOTAL DISTANCE: 0
	TOTAL FLIGHT TIME: 0
	TOTAL CHG TIME: 60
	BATTERY CAPACITY: 82.5
	EVTOL TYPE: 1
SEGMENT 2: 
	NUM FAULTS: 0
	NUM FLIGHTS: 0
	NUM CHG SESSIONS: 1
	PASSENGER MILES: 0
	TOTAL DISTANCE: 0
	TOTAL FLIGHT TIME: 0
	TOTAL CHG TIME: 60
	BATTERY CAPACITY: 178.933
	EVTOL TYPE: 2
SEGMENT 3: 
	NUM FAULTS: 0
	NUM FLIGHTS: 0
	NUM CHG SESSIONS: 1
	PASSENGER MILES: 0
	TOTAL DISTANCE: 0
	TOTAL FLIGHT TIME: 0
	TOTAL CHG TIME: 60
	BATTERY CAPACITY: 114
	EVTOL TYPE: 3
SEGMENT 4: 
	NUM FAULTS: 0
	NUM FLIGHTS: 0
	NUM CHG SESSIONS: 1
	PASSENGER MILES: 0
	TOTAL DISTANCE: 0
	TOTAL FLIGHT TIME: 0
	TOTAL CHG TIME: 60
	BATTERY CAPACITY: 135.5
	EVTOL TYPE: 4
SEGMENT 5: 
	NUM FAULTS: 0
	NUM FLIGHTS: 0
	NUM CHG SESSIONS: 0
	PASSENGER MILES: 0
	TOTAL DISTANCE: 0
	TOTAL FLIGHT TIME: 0
	TOTAL CHG TIME: 0
	BATTERY CAPACITY: 0
	EVTOL TYPE: 0
SEGMENT 6: 
	NUM FAULTS: 0
	NUM FLIGHTS: 0
	NUM CHG SESSIONS: 0
	PASSENGER MILES: 0
	TOTAL DISTANCE: 0
	TOTAL FLIGHT TIME: 0
	TOTAL CHG TIME: 0
	BATTERY CAPACITY: 0
	EVTOL TYPE: 0
SEGMENT 7: 
	NUM FAULTS: 0
	NUM FLIGHTS: 0
	NUM CHG SESSIONS: 0
	PASSENGER MILES: 0
	TOTAL DISTANCE: 0
	TOTAL FLIGHT TIME: 0
	TOTAL CHG TIME: 0
	BATTERY CAPACITY: 0
	EVTOL TYPE: 0
SEGMENT 8: 
	NUM FAULTS: 0
	NUM FLIGHTS: 0
	NUM CHG SESSIONS: 0
	PASSENGER MILES: 0
	TOTAL DISTANCE: 0
	TOTAL FLIGHT TIME: 0
	TOTAL CHG TIME: 0
	BATTERY CAPACITY: 0
	EVTOL TYPE: 0
SEGMENT 9: 
	NUM FAULTS: 0
	NUM FLIGHTS: 0
	NUM CHG SESSIONS: 0
	PASSENGER MILES: 0
	TOTAL DISTANCE: 0
	TOTAL FLIGHT TIME: 0
	TOTAL CHG TIME: 0
	BATTERY CAPACITY: 0
	EVTOL TYPE: 0
SEGMENT 10: 
	NUM FAULTS: 0
	NUM FLIGHTS: 0
	NUM CHG SESSIONS: 0
	PASSENGER MILES: 0
	TOTAL DISTANCE: 0
	TOTAL FLIGHT TIME: 0
	TOTAL CHG TIME: 0
	BATTERY CAPACITY: 0
	EVTOL TYPE: 0
SEGMENT 11: 
	NUM FAULTS: 0
	NUM FLIGHTS: 0
	NUM CHG SESSIONS: 0
	PASSENGER MILES: 0
	TOTAL DISTANCE: 0
	TOTAL FLIGHT TIME: 0
	TOTAL CHG TIME: 0
	BATTERY CAPACITY: 0
	EVTOL TYPE: 0
SEGMENT 12: 
	NUM FAULTS: 0
	NUM FLIGHTS: 0
	NUM CHG SESSIONS: 0
	PASSENGER MILES: 0
	TOTAL DISTANCE: 0
	TOTAL FLIGHT TIME: 0
	TOTAL CHG TIME: 0
	BATTERY CAPACITY: 0
	EVTOL TYPE: 0
SEGMENT 13: 
	NUM FAULTS: 0
	NUM FLIGHTS: 0
	NUM CHG SESSIONS: 0
	PASSENGER MILES: 0
	TOTAL DISTANCE: 0
	TOTAL FLIGHT TIME: 0
	TOTAL CHG TIME: 0
	BATTERY CAPACITY: 0
	EVTOL TYPE: 0
SEGMENT 14: 
	NUM FAULTS: 0
	NUM FLIGHTS: 0
	NUM CHG SESSIONS: 0
	PASSENGER MILES: 0
	TOTAL DISTANCE: 0
	TOTAL FLIGHT TIME: 0
	TOTAL CHG TIME: 0
	BATTERY CAPACITY: 0
	EVTOL TYPE: 0
SEGMENT 15: 
	NUM FAULTS: 0
	NUM FLIGHTS: 0
	NUM CHG SESSIONS: 0
	PASSENGER MILES: 0
	TOTAL DISTANCE: 0
	TOTAL FLIGHT TIME: 0
	TOTAL CHG TIME: 0
	BATTERY CAPACITY: 0
	EVTOL TYPE: 0
SEGMENT 16: 
	NUM FAULTS: 0
	NUM FLIGHTS: 0
	NUM CHG SESSIONS: 0
	PASSENGER MILES: 0
	TOTAL DISTANCE: 0
	TOTAL FLIGHT TIME: 0
	TOTAL CHG TIME: 0
	BATTERY CAPACITY: 0
	EVTOL TYPE: 0
SEGMENT 17: 
	NUM FAULTS: 0
	NUM FLIGHTS: 0
	NUM CHG SESSIONS: 0
	PASSENGER MILES: 0
	TOTAL DISTANCE: 0
	TOTAL FLIGHT TIME: 0
	TOTAL CHG TIME: 0
	BATTERY CAPACITY: 0
	EVTOL TYPE: 0
SEGMENT 18: 
	NUM FAULTS: 0
	NUM FLIGHTS: 0
	NUM CHG SESSIONS: 0
	PASSENGER MILES: 0
	TOTAL DISTANCE: 0
	TOTAL FLIGHT TIME: 0
	TOTAL CHG TIME: 0
	BATTERY CAPACITY: 0
	EVTOL TYPE: 0
SEGMENT 19: 
	NUM FAULTS: 0
	NUM FLIGHTS: 0
	NUM CHG SESSIONS: 0
	PASSENGER MILES: 0
	TOTAL DISTANCE: 0
	TOTAL FLIGHT TIME: 0
	TOTAL CHG TIME: 0
	BATTERY CAPACITY: 0
	EVTOL TYPE: 0
CHARGER 0-> AVAILABLE
CHARGER 1-> AVAILABLE
CHARGER 2-> AVAILABLE

SEGMENT 0: 
	NUM FAULTS: 0
	NUM FLIGHTS: 0
	NUM CHG SESSIONS: 1
	PASSENGER MILES: 0
	TOTAL DISTANCE: 0
	TOTAL FLIGHT TIME: 0
	TOTAL CHG TIME: 60
	BATTERY CAPACITY: 294.4
	EVTOL TYPE: 0
SEGMENT 1: 
	NUM FAULTS: 0
	NUM FLIGHTS: 0
	NUM CHG SESSIONS: 1
	PASSENGER MILES: 0
	TOTAL DISTANCE: 0
	TOTAL FLIGHT TIME: 0
	TOTAL CHG TIME: 60
	BATTERY CAPACITY: 80
	EVTOL TYPE: 1
SEGMENT 2: 
	NUM FAULTS: 0
	NUM FLIGHTS: 0
	NUM CHG SESSIONS: 1
	PASSENGER MILES: 0
	TOTAL DISTANCE: 0
	TOTAL FLIGHT TIME: 0
	TOTAL CHG TIME: 60
	BATTERY CAPACITY: 173.067
	EVTOL TYPE: 2
SEGMENT 3: 
	NUM FAULTS: 0
	NUM FLIGHTS: 0
	NUM CHG SESSIONS: 1
	PASSENGER MILES: 0
	TOTAL DISTANCE: 0
	TOTAL FLIGHT TIME: 0
	TOTAL CHG TIME: 60
	BATTERY CAPACITY: 112.8
	EVTOL TYPE: 3
SEGMENT 4: 
	NUM FAULTS: 0
	NUM FLIGHTS: 0
	NUM CHG SESSIONS: 1
	PASSENGER MILES: 0
	TOTAL DISTANCE: 0
	TOTAL FLIGHT TIME: 0
	TOTAL CHG TIME: 60
	BATTERY CAPACITY: 132.6
	EVTOL TYPE: 4
SEGMENT 5: 
	NUM FAULTS: 0
	NUM FLIGHTS: 0
	NUM CHG SESSIONS: 0
	PASSENGER MILES: 0
	TOTAL DISTANCE: 0
	TOTAL FLIGHT TIME: 0
	TOTAL CHG TIME: 0
	BATTERY CAPACITY: 0
	EVTOL TYPE: 0
SEGMENT 6: 
	NUM FAULTS: 0
	NUM FLIGHTS: 0
	NUM CHG SESSIONS: 0
	PASSENGER MILES: 0
	TOTAL DISTANCE: 0
	TOTAL FLIGHT TIME: 0
	TOTAL CHG TIME: 0
	BATTERY CAPACITY: 0
	EVTOL TYPE: 0
SEGMENT 7: 
	NUM FAULTS: 0
	NUM FLIGHTS: 0
	NUM CHG SESSIONS: 0
	PASSENGER MILES: 0
	TOTAL DISTANCE: 0
	TOTAL FLIGHT TIME: 0
	TOTAL CHG TIME: 0
	BATTERY CAPACITY: 0
	EVTOL TYPE: 0
SEGMENT 8: 
	NUM FAULTS: 0
	NUM FLIGHTS: 0
	NUM CHG SESSIONS: 0
	PASSENGER MILES: 0
	TOTAL DISTANCE: 0
	TOTAL FLIGHT TIME: 0
	TOTAL CHG TIME: 0
	BATTERY CAPACITY: 0
	EVTOL TYPE: 0
SEGMENT 9: 
	NUM FAULTS: 0
	NUM FLIGHTS: 0
	NUM CHG SESSIONS: 0
	PASSENGER MILES: 0
	TOTAL DISTANCE: 0
	TOTAL FLIGHT TIME: 0
	TOTAL CHG TIME: 0
	BATTERY CAPACITY: 0
	EVTOL TYPE: 0
SEGMENT 10: 
	NUM FAULTS: 0
	NUM FLIGHTS: 0
	NUM CHG SESSIONS: 0
	PASSENGER MILES: 0
	TOTAL DISTANCE: 0
	TOTAL FLIGHT TIME: 0
	TOTAL CHG TIME: 0
	BATTERY CAPACITY: 0
	EVTOL TYPE: 0
SEGMENT 11: 
	NUM FAULTS: 0
	NUM FLIGHTS: 0
	NUM CHG SESSIONS: 0
	PASSENGER MILES: 0
	TOTAL DISTANCE: 0
	TOTAL FLIGHT TIME: 0
	TOTAL CHG TIME: 0
	BATTERY CAPACITY: 0
	EVTOL TYPE: 0
SEGMENT 12: 
	NUM FAULTS: 0
	NUM FLIGHTS: 0
	NUM CHG SESSIONS: 0
	PASSENGER MILES: 0
	TOTAL DISTANCE: 0
	TOTAL FLIGHT TIME: 0
	TOTAL CHG TIME: 0
	BATTERY CAPACITY: 0
	EVTOL TYPE: 0
SEGMENT 13: 
	NUM FAULTS: 0
	NUM FLIGHTS: 0
	NUM CHG SESSIONS: 0
	PASSENGER MILES: 0
	TOTAL DISTANCE: 0
	TOTAL FLIGHT TIME: 0
	TOTAL CHG TIME: 0
	BATTERY CAPACITY: 0
	EVTOL TYPE: 0
SEGMENT 14: 
	NUM FAULTS: 0
	NUM FLIGHTS: 0
	NUM CHG SESSIONS: 0
	PASSENGER MILES: 0
	TOTAL DISTANCE: 0
	TOTAL FLIGHT TIME: 0
	TOTAL CHG TIME: 0
	BATTERY CAPACITY: 0
	EVTOL TYPE: 0
SEGMENT 15: 
	NUM FAULTS: 0
	NUM FLIGHTS: 0
	NUM CHG SESSIONS: 0
	PASSENGER MILES: 0
	TOTAL DISTANCE: 0
	TOTAL FLIGHT TIME: 0
	TOTAL CHG TIME: 0
	BATTERY CAPACITY: 0
	EVTOL TYPE: 0
SEGMENT 16: 
	NUM FAULTS: 0
	NUM FLIGHTS: 0
	NUM CHG SESSIONS: 0
	PASSENGER MILES: 0
	TOTAL DISTANCE: 0
	TOTAL FLIGHT TIME: 0
	TOTAL CHG TIME: 0
	BATTERY CAPACITY: 0
	EVTOL TYPE: 0
SEGMENT 17: 
	NUM FAULTS: 0
	NUM FLIGHTS: 0
	NUM CHG SESSIONS: 0
	PASSENGER MILES: 0
	TOTAL DISTANCE: 0
	TOTAL FLIGHT TIME: 0
	TOTAL CHG TIME: 0
	BATTERY CAPACITY: 0
	EVTOL TYPE: 0
SEGMENT 18: 
	NUM FAULTS: 0
	NUM FLIGHTS: 0
	NUM CHG SESSIONS: 0
	PASSENGER MILES: 0
	TOTAL DISTANCE: 0
	TOTAL FLIGHT TIME: 0
	TOTAL CHG TIME: 0
	BATTERY CAPACITY: 0
	EVTOL TYPE: 0
SEGMENT 19: 
	NUM FAULTS: 0
	NUM FLIGHTS: 0
	NUM CHG SESSIONS: 0
	PASSENGER MILES: 0
	TOTAL DISTANCE: 0
	TOTAL FLIGHT TIME: 0
	TOTAL CHG TIME: 0
	BATTERY CAPACITY: 0
	EVTOL TYPE: 0
CHARGER 0-> AVAILABLE
CHARGER 1-> AVAILABLE
CHARGER 2-> AVAILABLE

SEGMENT 0: 
	NUM FAULTS: 0
	NUM FLIGHTS: 0
	NUM CHG SESSIONS: 1
	PASSENGER MILES: 0
	TOTAL DISTANCE: 0
	TOTAL FLIGHT TIME: 0
	TOTAL CHG TIME: 60
	BATTERY CAPACITY: 291.2
	EVTOL TYPE: 0
SEGMENT 1: 
	NUM FAULTS: 0
	NUM FLIGHTS: 0
	NUM CHG SESSIONS: 1
	PASSENGER MILES: 0
	TOTAL DISTANCE: 0
	TOTAL FLIGHT TIME: 0
	TOTAL CHG TIME: 60
	BATTERY CAPACITY: 77.5
	EVTOL TYPE: 1
SEGMENT 2: 
	NUM FAULTS: 0
	NUM FLIGHTS: 0
	NUM CHG SESSIONS: 1
	PASSENGER MILES: 0
	TOTAL DISTANCE: 0
	TOTAL FLIGHT TIME: 0
	TOTAL CHG TIME: 60
	BATTERY CAPACITY: 167.2
	EVTOL TYPE: 2
SEGMENT 3: 
	NUM FAULTS: 0
	NUM FLIGHTS: 0
	NUM CHG SESSIONS: 1
	PASSENGER MILES: 0
	TOTAL DISTANCE: 0
	TOTAL FLIGHT TIME: 0
	TOTAL CHG TIME: 60
	BATTERY CAPACITY: 111.6
	EVTOL TYPE: 3
SEGMENT 4: 
	NUM FAULTS: 0
	NUM FLIGHTS: 0
	NUM CHG SESSIONS: 1
	PASSENGER MILES: 0
	TOTAL DISTANCE: 0
	TOTAL FLIGHT TIME: 0
	TOTAL CHG TIME: 60
	BATTERY CAPACITY: 129.7
	EVTOL TYPE: 4
SEGMENT 5: 
	NUM FAULTS: 0
	NUM FLIGHTS: 0
	NUM CHG SESSIONS: 0
	PASSENGER MILES: 0
	TOTAL DISTANCE: 0
	TOTAL FLIGHT TIME: 0
	TOTAL CHG TIME: 0
	BATTERY CAPACITY: 0
	EVTOL TYPE: 0
SEGMENT 6: 
	NUM FAULTS: 0
	NUM FLIGHTS: 0
	NUM CHG SESSIONS: 0
	PASSENGER MILES: 0
	TOTAL DISTANCE: 0
	TOTAL FLIGHT TIME: 0
	TOTAL CHG TIME: 0
	BATTERY CAPACITY: 0
	EVTOL TYPE: 0
SEGMENT 7: 
	NUM FAULTS: 0
	NUM FLIGHTS: 0
	NUM CHG SESSIONS: 0
	PASSENGER MILES: 0
	TOTAL DISTANCE: 0
	TOTAL FLIGHT TIME: 0
	TOTAL CHG TIME: 0
	BATTERY CAPACITY: 0
	EVTOL TYPE: 0
SEGMENT 8: 
	NUM FAULTS: 0
	NUM FLIGHTS: 0
	NUM CHG SESSIONS: 0
	PASSENGER MILES: 0
	TOTAL DISTANCE: 0
	TOTAL FLIGHT TIME: 0
	TOTAL CHG TIME: 0
	BATTERY CAPACITY: 0
	EVTOL TYPE: 0
SEGMENT 9: 
	NUM FAULTS: 0
	NUM FLIGHTS: 0
	NUM CHG SESSIONS: 0
	PASSENGER MILES: 0
	TOTAL DISTANCE: 0
	TOTAL FLIGHT TIME: 0
	TOTAL CHG TIME: 0
	BATTERY CAPACITY: 0
	EVTOL TYPE: 0
SEGMENT 10: 
	NUM FAULTS: 0
	NUM FLIGHTS: 0
	NUM CHG SESSIONS: 0
	PASSENGER MILES: 0
	TOTAL DISTANCE: 0
	TOTAL FLIGHT TIME: 0
	TOTAL CHG TIME: 0
	BATTERY CAPACITY: 0
	EVTOL TYPE: 0
SEGMENT 11: 
	NUM FAULTS: 0
	NUM FLIGHTS: 0
	NUM CHG SESSIONS: 0
	PASSENGER MILES: 0
	TOTAL DISTANCE: 0
	TOTAL FLIGHT TIME: 0
	TOTAL CHG TIME: 0
	BATTERY CAPACITY: 0
	EVTOL TYPE: 0
SEGMENT 12: 
	NUM FAULTS: 0
	NUM FLIGHTS: 0
	NUM CHG SESSIONS: 0
	PASSENGER MILES: 0
	TOTAL DISTANCE: 0
	TOTAL FLIGHT TIME: 0
	TOTAL CHG TIME: 0
	BATTERY CAPACITY: 0
	EVTOL TYPE: 0
SEGMENT 13: 
	NUM FAULTS: 0
	NUM FLIGHTS: 0
	NUM CHG SESSIONS: 0
	PASSENGER MILES: 0
	TOTAL DISTANCE: 0
	TOTAL FLIGHT TIME: 0
	TOTAL CHG TIME: 0
	BATTERY CAPACITY: 0
	EVTOL TYPE: 0
SEGMENT 14: 
	NUM FAULTS: 0
	NUM FLIGHTS: 0
	NUM CHG SESSIONS: 0
	PASSENGER MILES: 0
	TOTAL DISTANCE: 0
	TOTAL FLIGHT TIME: 0
	TOTAL CHG TIME: 0
	BATTERY CAPACITY: 0
	EVTOL TYPE: 0
SEGMENT 15: 
	NUM FAULTS: 0
	NUM FLIGHTS: 0
	NUM CHG SESSIONS: 0
	PASSENGER MILES: 0
	TOTAL DISTANCE: 0
	TOTAL FLIGHT TIME: 0
	TOTAL CHG TIME: 0
	BATTERY CAPACITY: 0
	EVTOL TYPE: 0
SEGMENT 16: 
	NUM FAULTS: 0
	NUM FLIGHTS: 0
	NUM CHG SESSIONS: 0
	PASSENGER MILES: 0
	TOTAL DISTANCE: 0
	TOTAL FLIGHT TIME: 0
	TOTAL CHG TIME: 0
	BATTERY CAPACITY: 0
	EVTOL TYPE: 0
SEGMENT 17: 
	NUM FAULTS: 0
	NUM FLIGHTS: 0
	NUM CHG SESSIONS: 0
	PASSENGER MILES: 0
	TOTAL DISTANCE: 0
	TOTAL FLIGHT TIME: 0
	TOTAL CHG TIME: 0
	BATTERY CAPACITY: 0
	EVTOL TYPE: 0
SEGMENT 18: 
	NUM FAULTS: 0
	NUM FLIGHTS: 0
	NUM CHG SESSIONS: 0
	PASSENGER MILES: 0
	TOTAL DISTANCE: 0
	TOTAL FLIGHT TIME: 0
	TOTAL CHG TIME: 0
	BATTERY CAPACITY: 0
	EVTOL TYPE: 0
SEGMENT 19: 
	NUM FAULTS: 0
	NUM FLIGHTS: 0
	NUM CHG SESSIONS: 0
	PASSENGER MILES: 0
	TOTAL DISTANCE: 0
	TOTAL FLIGHT TIME: 0
	TOTAL CHG TIME: 0
	BATTERY CAPACITY: 0
	EVTOL TYPE: 0
CHARGER 0-> AVAILABLE
CHARGER 1-> AVAILABLE
CHARGER 2-> AVAILABLE

SEGMENT 0: 
	NUM FAULTS: 0
	NUM FLIGHTS: 0
	NUM CHG SESSIONS: 1
	PASSENGER MILES: 0
	TOTAL DISTANCE: 0
	TOTAL FLIGHT TIME: 0
	TOTAL CHG TIME: 60
	BATTERY CAPACITY: 288
	EVTOL TYPE: 0
SEGMENT 1: 
	NUM FAULTS: 0
	NUM FLIGHTS: 0
	NUM CHG SESSIONS: 1
	PASSENGER MILES: 0
	TOTAL DISTANCE: 0
	TOTAL FLIGHT TIME: 0
	TOTAL CHG TIME: 60
	BATTERY CAPACITY: 75
	EVTOL TYPE: 1
SEGMENT 2: 
	NUM FAULTS: 0
	NUM FLIGHTS: 0
	NUM CHG SESSIONS: 1
	PASSENGER MILES: 0
	TOTAL DISTANCE: 0
	TOTAL FLIGHT TIME: 0
	TOTAL CHG TIME: 60
	BATTERY CAPACITY: 161.333
	EVTOL TYPE: 2
SEGMENT 3: 
	NUM FAULTS: 0
	NUM FLIGHTS: 0
	NUM CHG SESSIONS: 1
	PASSENGER MILES: 0
	TOTAL DISTANCE: 0
	TOTAL FLIGHT TIME: 0
	TOTAL CHG TIME: 60
	BATTERY CAPACITY: 110.4
	EVTOL TYPE: 3
SEGMENT 4: 
	NUM FAULTS: 0
	NUM FLIGHTS: 0
	NUM CHG SESSIONS: 1
	PASSENGER MILES: 0
	TOTAL DISTANCE: 0
	TOTAL FLIGHT TIME: 0
	TOTAL CHG TIME: 60
	BATTERY CAPACITY: 126.8
	EVTOL TYPE: 4
SEGMENT 5: 
	NUM FAULTS: 0
	NUM FLIGHTS: 0
	NUM CHG SESSIONS: 0
	PASSENGER MILES: 0
	TOTAL DISTANCE: 0
	TOTAL FLIGHT TIME: 0
	TOTAL CHG TIME: 0
	BATTERY CAPACITY: 0
	EVTOL TYPE: 0
SEGMENT 6: 
	NUM FAULTS: 0
	NUM FLIGHTS: 0
	NUM CHG SESSIONS: 0
	PASSENGER MILES: 0
	TOTAL DISTANCE: 0
	TOTAL FLIGHT TIME: 0
	TOTAL CHG TIME: 0
	BATTERY CAPACITY: 0
	EVTOL TYPE: 0
SEGMENT 7: 
	NUM FAULTS: 0
	NUM FLIGHTS: 0
	NUM CHG SESSIONS: 0
	PASSENGER MILES: 0
	TOTAL DISTANCE: 0
	TOTAL FLIGHT TIME: 0
	TOTAL CHG TIME: 0
	BATTERY CAPACITY: 0
	EVTOL TYPE: 0
SEGMENT 8: 
	NUM FAULTS: 0
	NUM FLIGHTS: 0
	NUM CHG SESSIONS: 0
	PASSENGER MILES: 0
	TOTAL DISTANCE: 0
	TOTAL FLIGHT TIME: 0
	TOTAL CHG TIME: 0
	BATTERY CAPACITY: 0
	EVTOL TYPE: 0
SEGMENT 9: 
	NUM FAULTS: 0
	NUM FLIGHTS: 0
	NUM CHG SESSIONS: 0
	PASSENGER MILES: 0
	TOTAL DISTANCE: 0
	TOTAL FLIGHT TIME: 0
	TOTAL CHG TIME: 0
	BATTERY CAPACITY: 0
	EVTOL TYPE: 0
SEGMENT 10: 
	NUM FAULTS: 0
	NUM FLIGHTS: 0
	NUM CHG SESSIONS: 0
	PASSENGER MILES: 0
	TOTAL DISTANCE: 0
	TOTAL FLIGHT TIME: 0
	TOTAL CHG TIME: 0
	BATTERY CAPACITY: 0
	EVTOL TYPE: 0
SEGMENT 11: 
	NUM FAULTS: 0
	NUM FLIGHTS: 0
	NUM CHG SESSIONS: 0
	PASSENGER MILES: 0
	TOTAL DISTANCE: 0
	TOTAL FLIGHT TIME: 0
	TOTAL CHG TIME: 0
	BATTERY CAPACITY: 0
	EVTOL TYPE: 0
SEGMENT 12: 
	NUM FAULTS: 0
	NUM FLIGHTS: 0
	NUM CHG SESSIONS: 0
	PASSENGER MILES: 0
	TOTAL DISTANCE: 0
	TOTAL FLIGHT TIME: 0
	TOTAL CHG TIME: 0
	BATTERY CAPACITY: 0
	EVTOL TYPE: 0
SEGMENT 13: 
	NUM FAULTS: 0
	NUM FLIGHTS: 0
	NUM CHG SESSIONS: 0
	PASSENGER MILES: 0
	TOTAL DISTANCE: 0
	TOTAL FLIGHT TIME: 0
	TOTAL CHG TIME: 0
	BATTERY CAPACITY: 0
	EVTOL TYPE: 0
SEGMENT 14: 
	NUM FAULTS: 0
	NUM FLIGHTS: 0
	NUM CHG SESSIONS: 0
	PASSENGER MILES: 0
	TOTAL DISTANCE: 0
	TOTAL FLIGHT TIME: 0
	TOTAL CHG TIME: 0
	BATTERY CAPACITY: 0
	EVTOL TYPE: 0
SEGMENT 15: 
	NUM FAULTS: 0
	NUM FLIGHTS: 0
	NUM CHG SESSIONS: 0
	PASSENGER MILES: 0
	TOTAL DISTANCE: 0
	TOTAL FLIGHT TIME: 0
	TOTAL CHG TIME: 0
	BATTERY CAPACITY: 0
	EVTOL TYPE: 0
SEGMENT 16: 
	NUM FAULTS: 0
	NUM FLIGHTS: 0
	NUM CHG SESSIONS: 0
	PASSENGER MILES: 0
	TOTAL DISTANCE: 0
	TOTAL FLIGHT TIME: 0
	TOTAL CHG TIME: 0
	BATTERY CAPACITY: 0
	EVTOL TYPE: 0
SEGMENT 17: 
	NUM FAULTS: 0
	NUM FLIGHTS: 0
	NUM CHG SESSIONS: 0
	PASSENGER MILES: 0
	TOTAL DISTANCE: 0
	TOTAL FLIGHT TIME: 0
	TOTAL CHG TIME: 0
	BATTERY CAPACITY: 0
	EVTOL TYPE: 0
SEGMENT 18: 
	NUM FAULTS: 0
	NUM FLIGHTS: 0
	NUM CHG SESSIONS: 0
	PASSENGER MILES: 0
	TOTAL DISTANCE: 0
	TOTAL FLIGHT TIME: 0
	TOTAL CHG TIME: 0
	BATTERY CAPACITY: 0
	EVTOL TYPE: 0
SEGMENT 19: 
	NUM FAULTS: 0
	NUM FLIGHTS: 0
	NUM CHG SESSIONS: 0
	PASSENGER MILES: 0
	TOTAL DISTANCE: 0
	TOTAL FLIGHT TIME: 0
	TOTAL CHG TIME: 0
	BATTERY CAPACITY: 0
	EVTOL TYPE: 0
CHARGER 0-> AVAILABLE
CHARGER 1-> AVAILABLE
CHARGER 2-> AVAILABLE

SEGMENT 0: 
	NUM FAULTS: 0
	NUM FLIGHTS: 0
	NUM CHG SESSIONS: 1
	PASSENGER MILES: 0
	TOTAL DISTANCE: 0
	TOTAL FLIGHT TIME: 0
	TOTAL CHG TIME: 60
	BATTERY CAPACITY: 284.8
	EVTOL TYPE: 0
SEGMENT 1: 
	NUM FAULTS: 0
	NUM FLIGHTS: 0
	NUM CHG SESSIONS: 1
	PASSENGER MILES: 0
	TOTAL DISTANCE: 0
	TOTAL FLIGHT TIME: 0
	TOTAL CHG TIME: 60
	BATTERY CAPACITY: 72.5
	EVTOL TYPE: 1
SEGMENT 2: 
	NUM FAULTS: 0
	NUM FLIGHTS: 0
	NUM CHG SESSIONS: 1
	PASSENGER MILES: 0
	TOTAL DISTANCE: 0
	TOTAL FLIGHT TIME: 0
	TOTAL CHG TIME: 60
	BATTERY CAPACITY: 155.467
	EVTOL TYPE: 2
SEGMENT 3: 
	NUM FAULTS: 0
	NUM FLIGHTS: 0
	NUM CHG SESSIONS: 1
	PASSENGER MILES: 0
	TOTAL DISTANCE: 0
	TOTAL FLIGHT TIME: 0
	TOTAL CHG TIME: 60
	BATTERY CAPACITY: 109.2
	EVTOL TYPE: 3
SEGMENT 4: 
	NUM FAULTS: 0
	NUM FLIGHTS: 0
	NUM CHG SESSIONS: 1
	PASSENGER MILES: 0
	TOTAL DISTANCE: 0
	TOTAL FLIGHT TIME: 0
	TOTAL CHG TIME: 60
	BATTERY CAPACITY: 123.9
	EVTOL TYPE: 4
SEGMENT 5: 
	NUM FAULTS: 0
	NUM FLIGHTS: 0
	NUM CHG SESSIONS: 0
	PASSENGER MILES: 0
	TOTAL DISTANCE: 0
	TOTAL FLIGHT TIME: 0
	TOTAL CHG TIME: 0
	BATTERY CAPACITY: 0
	EVTOL TYPE: 0
SEGMENT 6: 
	NUM FAULTS: 0
	NUM FLIGHTS: 0
	NUM CHG SESSIONS: 0
	PASSENGER MILES: 0
	TOTAL DISTANCE: 0
	TOTAL FLIGHT TIME: 0
	TOTAL CHG TIME: 0
	BATTERY CAPACITY: 0
	EVTOL TYPE: 0
SEGMENT 7: 
	NUM FAULTS: 0
	NUM FLIGHTS: 0
	NUM CHG SESSIONS: 0
	PASSENGER MILES: 0
	TOTAL DISTANCE: 0
	TOTAL FLIGHT TIME: 0
	TOTAL CHG TIME: 0
	BATTERY CAPACITY: 0
	EVTOL TYPE: 0
SEGMENT 8: 
	NUM FAULTS: 0
	NUM FLIGHTS: 0
	NUM CHG SESSIONS: 0
	PASSENGER MILES: 0
	TOTAL DISTANCE: 0
	TOTAL FLIGHT TIME: 0
	TOTAL CHG TIME: 0
	BATTERY CAPACITY: 0
	EVTOL TYPE: 0
SEGMENT 9: 
	NUM FAULTS: 0
	NUM FLIGHTS: 0
	NUM CHG SESSIONS: 0
	PASSENGER MILES: 0
	TOTAL DISTANCE: 0
	TOTAL FLIGHT TIME: 0
	TOTAL CHG TIME: 0
	BATTERY CAPACITY: 0
	EVTOL TYPE: 0
SEGMENT 10: 
	NUM FAULTS: 0
	NUM FLIGHTS: 0
	NUM CHG SESSIONS: 0
	PASSENGER MILES: 0
	TOTAL DISTANCE: 0
	TOTAL FLIGHT TIME: 0
	TOTAL CHG TIME: 0
	BATTERY CAPACITY: 0
	EVTOL TYPE: 0
SEGMENT 11: 
	NUM FAULTS: 0
	NUM FLIGHTS: 0
	NUM CHG SESSIONS: 0
	PASSENGER MILES: 0
	TOTAL DISTANCE: 0
	TOTAL FLIGHT TIME: 0
	TOTAL CHG TIME: 0
	BATTERY CAPACITY: 0
	EVTOL TYPE: 0
SEGMENT 12: 
	NUM FAULTS: 0
	NUM FLIGHTS: 0
	NUM CHG SESSIONS: 0
	PASSENGER MILES: 0
	TOTAL DISTANCE: 0
	TOTAL FLIGHT TIME: 0
	TOTAL CHG TIME: 0
	BATTERY CAPACITY: 0
	EVTOL TYPE: 0
SEGMENT 13: 
	NUM FAULTS: 0
	NUM FLIGHTS: 0
	NUM CHG SESSIONS: 0
	PASSENGER MILES: 0
	TOTAL DISTANCE: 0
	TOTAL FLIGHT TIME: 0
	TOTAL CHG TIME: 0
	BATTERY CAPACITY: 0
	EVTOL TYPE: 0
SEGMENT 14: 
	NUM FAULTS: 0
	NUM FLIGHTS: 0
	NUM CHG SESSIONS: 0
	PASSENGER MILES: 0
	TOTAL DISTANCE: 0
	TOTAL FLIGHT TIME: 0
	TOTAL CHG TIME: 0
	BATTERY CAPACITY: 0
	EVTOL TYPE: 0
SEGMENT 15: 
	NUM FAULTS: 0
	NUM FLIGHTS: 0
	NUM CHG SESSIONS: 0
	PASSENGER MILES: 0
	TOTAL DISTANCE: 0
	TOTAL FLIGHT TIME: 0
	TOTAL CHG TIME: 0
	BATTERY CAPACITY: 0
	EVTOL TYPE: 0
SEGMENT 16: 
	NUM FAULTS: 0
	NUM FLIGHTS: 0
	NUM CHG SESSIONS: 0
	PASSENGER MILES: 0
	TOTAL DISTANCE: 0
	TOTAL FLIGHT TIME: 0
	TOTAL CHG TIME: 0
	BATTERY CAPACITY: 0
	EVTOL TYPE: 0
SEGMENT 17: 
	NUM FAULTS: 0
	NUM FLIGHTS: 0
	NUM CHG SESSIONS: 0
	PASSENGER MILES: 0
	TOTAL DISTANCE: 0
	TOTAL FLIGHT TIME: 0
	TOTAL CHG TIME: 0
	BATTERY CAPACITY: 0
	EVTOL TYPE: 0
SEGMENT 18: 
	NUM FAULTS: 0
	NUM FLIGHTS: 0
	NUM CHG SESSIONS: 0
	PASSENGER MILES: 0
	TOTAL DISTANCE: 0
	TOTAL FLIGHT TIME: 0
	TOTAL CHG TIME: 0
	BATTERY CAPACITY: 0
	EVTOL TYPE: 0
SEGMENT 19: 
	NUM FAULTS: 0
	NUM FLIGHTS: 0
	NUM CHG SESSIONS: 0
	PASSENGER MILES: 0
	TOTAL DISTANCE: 0
	TOTAL FLIGHT TIME: 0
	TOTAL CHG TIME: 0
	BATTERY CAPACITY: 0
	EVTOL TYPE: 0
CHARGER 0-> AVAILABLE
CHARGER 1-> AVAILABLE
CHARGER 2-> AVAILABLE

SEGMENT 0: 
	NUM FAULTS: 0
	NUM FLIGHTS: 0
	NUM CHG SESSIONS: 1
	PASSENGER MILES: 0
	TOTAL DISTANCE: 0
	TOTAL FLIGHT TIME: 0
	TOTAL CHG TIME: 60
	BATTERY CAPACITY: 281.6
	EVTOL TYPE: 0
SEGMENT 1: 
	NUM FAULTS: 0
	NUM FLIGHTS: 0
	NUM CHG SESSIONS: 1
	PASSENGER MILES: 0
	TOTAL DISTANCE: 0
	TOTAL FLIGHT TIME: 0
	TOTAL CHG TIME: 60
	BATTERY CAPACITY: 70
	EVTOL TYPE: 1
SEGMENT 2: 
	NUM FAULTS: 0
	NUM FLIGHTS: 0
	NUM CHG SESSIONS: 1
	PASSENGER MILES: 0
	TOTAL DISTANCE: 0
	TOTAL FLIGHT TIME: 0
	TOTAL CHG TIME: 60
	BATTERY CAPACITY: 149.6
	EVTOL TYPE: 2
SEGMENT 3: 
	NUM FAULTS: 0
	NUM FLIGHTS: 0
	NUM CHG SESSIONS: 1
	PASSENGER MILES: 0
	TOTAL DISTANCE: 0
	TOTAL FLIGHT TIME: 0
	TOTAL CHG TIME: 60
	BATTERY CAPACITY: 108
	EVTOL TYPE: 3
SEGMENT 4: 
	NUM FAULTS: 0
	NUM FLIGHTS: 0
	NUM CHG SESSIONS: 1
	PASSENGER MILES: 0
	TOTAL DISTANCE: 0
	TOTAL FLIGHT TIME: 0
	TOTAL CHG TIME: 60
	BATTERY CAPACITY: 121
	EVTOL TYPE: 4
SEGMENT 5: 
	NUM FAULTS: 0
	NUM FLIGHTS: 0
	NUM CHG SESSIONS: 0
	PASSENGER MILES: 0
	TOTAL DISTANCE: 0
	TOTAL FLIGHT TIME: 0
	TOTAL CHG TIME: 0
	BATTERY CAPACITY: 0
	EVTOL TYPE: 0
SEGMENT 6: 
	NUM FAULTS: 0
	NUM FLIGHTS: 0
	NUM CHG SESSIONS: 0
	PASSENGER MILES: 0
	TOTAL DISTANCE: 0
	TOTAL FLIGHT TIME: 0
	TOTAL CHG TIME: 0
	BATTERY CAPACITY: 0
	EVTOL TYPE: 0
SEGMENT 7: 
	NUM FAULTS: 0
	NUM FLIGHTS: 0
	NUM CHG SESSIONS: 0
	PASSENGER MILES: 0
	TOTAL DISTANCE: 0
	TOTAL FLIGHT TIME: 0
	TOTAL CHG TIME: 0
	BATTERY CAPACITY: 0
	EVTOL TYPE: 0
SEGMENT 8: 
	NUM FAULTS: 0
	NUM FLIGHTS: 0
	NUM CHG SESSIONS: 0
	PASSENGER MILES: 0
	TOTAL DISTANCE: 0
	TOTAL FLIGHT TIME: 0
	TOTAL CHG TIME: 0
	BATTERY CAPACITY: 0
	EVTOL TYPE: 0
SEGMENT 9: 
	NUM FAULTS: 0
	NUM FLIGHTS: 0
	NUM CHG SESSIONS: 0
	PASSENGER MILES: 0
	TOTAL DISTANCE: 0
	TOTAL FLIGHT TIME: 0
	TOTAL CHG TIME: 0
	BATTERY CAPACITY: 0
	EVTOL TYPE: 0
SEGMENT 10: 
	NUM FAULTS: 0
	NUM FLIGHTS: 0
	NUM CHG SESSIONS: 0
	PASSENGER MILES: 0
	TOTAL DISTANCE: 0
	TOTAL FLIGHT TIME: 0
	TOTAL CHG TIME: 0
	BATTERY CAPACITY: 0
	EVTOL TYPE: 0
SEGMENT 11: 
	NUM FAULTS: 0
	NUM FLIGHTS: 0
	NUM CHG SESSIONS: 0
	PASSENGER MILES: 0
	TOTAL DISTANCE: 0
	TOTAL FLIGHT TIME: 0
	TOTAL CHG TIME: 0
	BATTERY CAPACITY: 0
	EVTOL TYPE: 0
SEGMENT 12: 
	NUM FAULTS: 0
	NUM FLIGHTS: 0
	NUM CHG SESSIONS: 0
	PASSENGER MILES: 0
	TOTAL DISTANCE: 0
	TOTAL FLIGHT TIME: 0
	TOTAL CHG TIME: 0
	BATTERY CAPACITY: 0
	EVTOL TYPE: 0
SEGMENT 13: 
	NUM FAULTS: 0
	NUM FLIGHTS: 0
	NUM CHG SESSIONS: 0
	PASSENGER MILES: 0
	TOTAL DISTANCE: 0
	TOTAL FLIGHT TIME: 0
	TOTAL CHG TIME: 0
	BATTERY CAPACITY: 0
	EVTOL TYPE: 0
SEGMENT 14: 
	NUM FAULTS: 0
	NUM FLIGHTS: 0
	NUM CHG SESSIONS: 0
	PASSENGER MILES: 0
	TOTAL DISTANCE: 0
	TOTAL FLIGHT TIME: 0
	TOTAL CHG TIME: 0
	BATTERY CAPACITY: 0
	EVTOL TYPE: 0
SEGMENT 15: 
	NUM FAULTS: 0
	NUM FLIGHTS: 0
	NUM CHG SESSIONS: 0
	PASSENGER MILES: 0
	TOTAL DISTANCE: 0
	TOTAL FLIGHT TIME: 0
	TOTAL CHG TIME: 0
	BATTERY CAPACITY: 0
	EVTOL TYPE: 0
SEGMENT 16: 
	NUM FAULTS: 0
	NUM FLIGHTS: 0
	NUM CHG SESSIONS: 0
	PASSENGER MILES: 0
	TOTAL DISTANCE: 0
	TOTAL FLIGHT TIME: 0
	TOTAL CHG TIME: 0
	BATTERY CAPACITY: 0
	EVTOL TYPE: 0
SEGMENT 17: 
	NUM FAULTS: 0
	NUM FLIGHTS: 0
	NUM CHG SESSIONS: 0
	PASSENGER MILES: 0
	TOTAL DISTANCE: 0
	TOTAL FLIGHT TIME: 0
	TOTAL CHG TIME: 0
	BATTERY CAPACITY: 0
	EVTOL TYPE: 0
SEGMENT 18: 
	NUM FAULTS: 0
	NUM FLIGHTS: 0
	NUM CHG SESSIONS: 0
	PASSENGER MILES: 0
	TOTAL DISTANCE: 0
	TOTAL FLIGHT TIME: 0
	TOTAL CHG TIME: 0
	BATTERY CAPACITY: 0
	EVTOL TYPE: 0
SEGMENT 19: 
	NUM FAULTS: 0
	NUM FLIGHTS: 0
	NUM CHG SESSIONS: 0
	PASSENGER MILES: 0
	TOTAL DISTANCE: 0
	TOTAL FLIGHT TIME: 0
	TOTAL CHG TIME: 0
	BATTERY CAPACITY: 0
	EVTOL TYPE: 0
CHARGER 0-> AVAILABLE
CHARGER 1-> AVAILABLE
CHARGER 2-> AVAILABLE

SEGMENT 0: 
	NUM FAULTS: 0
	NUM FLIGHTS: 0
	NUM CHG SESSIONS: 1
	PASSENGER MILES: 0
	TOTAL DISTANCE: 0
	TOTAL FLIGHT TIME: 0
	TOTAL CHG TIME: 60
	BATTERY CAPACITY: 278.4
	EVTOL TYPE: 0
SEGMENT 1: 
	NUM FAULTS: 0
	NUM FLIGHTS: 0
	NUM CHG SESSIONS: 1
	PASSENGER MILES: 0
	TOTAL DISTANCE: 0
	TOTAL FLIGHT TIME: 0
	TOTAL CHG TIME: 60
	BATTERY CAPACITY: 67.5
	EVTOL TYPE: 1
SEGMENT 2: 
	NUM FAULTS: 0
	NUM FLIGHTS: 0
	NUM CHG SESSIONS: 1
	PASSENGER MILES: 0
	TOTAL DISTANCE: 0
	TOTAL FLIGHT TIME: 0
	TOTAL CHG TIME: 60
	BATTERY CAPACITY: 143.733
	EVTOL TYPE: 2
SEGMENT 3: 
	NUM FAULTS: 0
	NUM FLIGHTS: 0
	NUM CHG SESSIONS: 1
	PASSENGER MILES: 0
	TOTAL DISTANCE: 0
	TOTAL FLIGHT TIME: 0
	TOTAL CHG TIME: 60
	BATTERY CAPACITY: 106.8
	EVTOL TYPE: 3
SEGMENT 4: 
	NUM FAULTS: 0
	NUM FLIGHTS: 0
	NUM CHG SESSIONS: 1
	PASSENGER MILES: 0
	TOTAL DISTANCE: 0
	TOTAL FLIGHT TIME: 0
	TOTAL CHG TIME: 60
	BATTERY CAPACITY: 118.1
	EVTOL TYPE: 4
SEGMENT 5: 
	NUM FAULTS: 0
	NUM FLIGHTS: 0
	NUM CHG SESSIONS: 0
	PASSENGER MILES: 0
	TOTAL DISTANCE: 0
	TOTAL FLIGHT TIME: 0
	TOTAL CHG TIME: 0
	BATTERY CAPACITY: 0
	EVTOL TYPE: 0
SEGMENT 6: 
	NUM FAULTS: 0
	NUM FLIGHTS: 0
	NUM CHG SESSIONS: 0
	PASSENGER MILES: 0
	TOTAL DISTANCE: 0
	TOTAL FLIGHT TIME: 0
	TOTAL CHG TIME: 0
	BATTERY CAPACITY: 0
	EVTOL TYPE: 0
SEGMENT 7: 
	NUM FAULTS: 0
	NUM FLIGHTS: 0
	NUM CHG SESSIONS: 0
	PASSENGER MILES: 0
	TOTAL DISTANCE: 0
	TOTAL FLIGHT TIME: 0
	TOTAL CHG TIME: 0
	BATTERY CAPACITY: 0
	EVTOL TYPE: 0
SEGMENT 8: 
	NUM FAULTS: 0
	NUM FLIGHTS: 0
	NUM CHG SESSIONS: 0
	PASSENGER MILES: 0
	TOTAL DISTANCE: 0
	TOTAL FLIGHT TIME: 0
	TOTAL CHG TIME: 0
	BATTERY CAPACITY: 0
	EVTOL TYPE: 0
SEGMENT 9: 
	NUM FAULTS: 0
	NUM FLIGHTS: 0
	NUM CHG SESSIONS: 0
	PASSENGER MILES: 0
	TOTAL DISTANCE: 0
	TOTAL FLIGHT TIME: 0
	TOTAL CHG TIME: 0
	BATTERY CAPACITY: 0
	EVTOL TYPE: 0
SEGMENT 10: 
	NUM FAULTS: 0
	NUM FLIGHTS: 0
	NUM CHG SESSIONS: 0
	PASSENGER MILES: 0
	TOTAL DISTANCE: 0
	TOTAL FLIGHT TIME: 0
	TOTAL CHG TIME: 0
	BATTERY CAPACITY: 0
	EVTOL TYPE: 0
SEGMENT 11: 
	NUM FAULTS: 0
	NUM FLIGHTS: 0
	NUM CHG SESSIONS: 0
	PASSENGER MILES: 0
	TOTAL DISTANCE: 0
	TOTAL FLIGHT TIME: 0
	TOTAL CHG TIME: 0
	BATTERY CAPACITY: 0
	EVTOL TYPE: 0
SEGMENT 12: 
	NUM FAULTS: 0
	NUM FLIGHTS: 0
	NUM CHG SESSIONS: 0
	PASSENGER MILES: 0
	TOTAL DISTANCE: 0
	TOTAL FLIGHT TIME: 0
	TOTAL CHG TIME: 0
	BATTERY CAPACITY: 0
	EVTOL TYPE: 0
SEGMENT 13: 
	NUM FAULTS: 0
	NUM FLIGHTS: 0
	NUM CHG SESSIONS: 0
	PASSENGER MILES: 0
	TOTAL DISTANCE: 0
	TOTAL FLIGHT TIME: 0
	TOTAL CHG TIME: 0
	BATTERY CAPACITY: 0
	EVTOL TYPE: 0
SEGMENT 14: 
	NUM FAULTS: 0
	NUM FLIGHTS: 0
	NUM CHG SESSIONS: 0
	PASSENGER MILES: 0
	TOTAL DISTANCE: 0
	TOTAL FLIGHT TIME: 0
	TOTAL CHG TIME: 0
	BATTERY CAPACITY: 0
	EVTOL TYPE: 0
SEGMENT 15: 
	NUM FAULTS: 0
	NUM FLIGHTS: 0
	NUM CHG SESSIONS: 0
	PASSENGER MILES: 0
	TOTAL DISTANCE: 0
	TOTAL FLIGHT TIME: 0
	TOTAL CHG TIME: 0
	BATTERY CAPACITY: 0
	EVTOL TYPE: 0
SEGMENT 16: 
	NUM FAULTS: 0
	NUM FLIGHTS: 0
	NUM CHG SESSIONS: 0
	PASSENGER MILES: 0
	TOTAL DISTANCE: 0
	TOTAL FLIGHT TIME: 0
	TOTAL CHG TIME: 0
	BATTERY CAPACITY: 0
	EVTOL TYPE: 0
SEGMENT 17: 
	NUM FAULTS: 0
	NUM FLIGHTS: 0
	NUM CHG SESSIONS: 0
	PASSENGER MILES: 0
	TOTAL DISTANCE: 0
	TOTAL FLIGHT TIME: 0
	TOTAL CHG TIME: 0
	BATTERY CAPACITY: 0
	EVTOL TYPE: 0
SEGMENT 18: 
	NUM FAULTS: 0
	NUM FLIGHTS: 0
	NUM CHG SESSIONS: 0
	PASSENGER MILES: 0
	TOTAL DISTANCE: 0
	TOTAL FLIGHT TIME: 0
	TOTAL CHG TIME: 0
	BATTERY CAPACITY: 0
	EVTOL TYPE: 0
SEGMENT 19: 
	NUM FAULTS: 0
	NUM FLIGHTS: 0
	NUM CHG SESSIONS: 0
	PASSENGER MILES: 0
	TOTAL DISTANCE: 0
	TOTAL FLIGHT TIME: 0
	TOTAL CHG TIME: 0
	BATTERY CAPACITY: 0
	EVTOL TYPE: 0
CHARGER 0-> AVAILABLE
CHARGER 1-> AVAILABLE
CHARGER 2-> AVAILABLE

SEGMENT 0: 
	NUM FAULTS: 0
	NUM FLIGHTS: 0
	NUM CHG SESSIONS: 1
	PASSENGER MILES: 0
	TOTAL DISTANCE: 0
	TOTAL FLIGHT TIME: 0
	TOTAL CHG TIME: 60
	BATTERY CAPACITY: 275.2
	EVTOL TYPE: 0
SEGMENT 1: 
	NUM FAULTS: 0
	NUM FLIGHTS: 0
	NUM CHG SESSIONS: 1
	PASSENGER MILES: 0
	TOTAL DISTANCE: 0
	TOTAL FLIGHT TIME: 0
	TOTAL CHG TIME: 60
	BATTERY CAPACITY: 65
	EVTOL TYPE: 1
SEGMENT 2: 
	NUM FAULTS: 0
	NUM FLIGHTS: 0
	NUM CHG SESSIONS: 1
	PASSENGER MILES: 0
	TOTAL DISTANCE: 0
	TOTAL FLIGHT TIME: 0
	TOTAL CHG TIME: 60
	BATTERY CAPACITY: 137.867
	EVTOL TYPE: 2
SEGMENT 3: 
	NUM FAULTS: 0
	NUM FLIGHTS: 0
	NUM CHG SESSIONS: 1
	PASSENGER MILES: 0
	TOTAL DISTANCE: 0
	TOTAL FLIGHT TIME: 0
	TOTAL CHG TIME: 60
	BATTERY CAPACITY: 105.6
	EVTOL TYPE: 3
SEGMENT 4: 
	NUM FAULTS: 0
	NUM FLIGHTS: 0
	NUM CHG SESSIONS: 1
	PASSENGER MILES: 0
	TOTAL DISTANCE: 0
	TOTAL FLIGHT TIME: 0
	TOTAL CHG TIME: 60
	BATTERY CAPACITY: 115.2
	EVTOL TYPE: 4
SEGMENT 5: 
	NUM FAULTS: 0
	NUM FLIGHTS: 0
	NUM CHG SESSIONS: 0
	PASSENGER MILES: 0
	TOTAL DISTANCE: 0
	TOTAL FLIGHT TIME: 0
	TOTAL CHG TIME: 0
	BATTERY CAPACITY: 0
	EVTOL TYPE: 0
SEGMENT 6: 
	NUM FAULTS: 0
	NUM FLIGHTS: 0
	NUM CHG SESSIONS: 0
	PASSENGER MILES: 0
	TOTAL DISTANCE: 0
	TOTAL FLIGHT TIME: 0
	TOTAL CHG TIME: 0
	BATTERY CAPACITY: 0
	EVTOL TYPE: 0
SEGMENT 7: 
	NUM FAULTS: 0
	NUM FLIGHTS: 0
	NUM CHG SESSIONS: 0
	PASSENGER MILES: 0
	TOTAL DISTANCE: 0
	TOTAL FLIGHT TIME: 0
	TOTAL CHG TIME: 0
	BATTERY CAPACITY: 0
	EVTOL TYPE: 0
SEGMENT 8: 
	NUM FAULTS: 0
	NUM FLIGHTS: 0
	NUM CHG SESSIONS: 0
	PASSENGER MILES: 0
	TOTAL DISTANCE: 0
	TOTAL FLIGHT TIME: 0
	TOTAL CHG TIME: 0
	BATTERY CAPACITY: 0
	EVTOL TYPE: 0
SEGMENT 9: 
	NUM FAULTS: 0
	NUM FLIGHTS: 0
	NUM CHG SESSIONS: 0
	PASSENGER MILES: 0
	TOTAL DISTANCE: 0
	TOTAL FLIGHT TIME: 0
	TOTAL CHG TIME: 0
	BATTERY CAPACITY: 0
	EVTOL TYPE: 0
SEGMENT 10: 
	NUM FAULTS: 0
	NUM FLIGHTS: 0
	NUM CHG SESSIONS: 0
	PASSENGER MILES: 0
	TOTAL DISTANCE: 0
	TOTAL FLIGHT TIME: 0
	TOTAL CHG TIME: 0
	BATTERY CAPACITY: 0
	EVTOL TYPE: 0
SEGMENT 11: 
	NUM FAULTS: 0
	NUM FLIGHTS: 0
	NUM CHG SESSIONS: 0
	PASSENGER MILES: 0
	TOTAL DISTANCE: 0
	TOTAL FLIGHT TIME: 0
	TOTAL CHG TIME: 0
	BATTERY CAPACITY: 0
	EVTOL TYPE: 0
SEGMENT 12: 
	NUM FAULTS: 0
	NUM FLIGHTS: 0
	NUM CHG SESSIONS: 0
	PASSENGER MILES: 0
	TOTAL DISTANCE: 0
	TOTAL FLIGHT TIME: 0
	TOTAL CHG TIME: 0
	BATTERY CAPACITY: 0
	EVTOL TYPE: 0
SEGMENT 13: 
	NUM FAULTS: 0
	NUM FLIGHTS: 0
	NUM CHG SESSIONS: 0
	PASSENGER MILES: 0
	TOTAL DISTANCE: 0
	TOTAL FLIGHT TIME: 0
	TOTAL CHG TIME: 0
	BATTERY CAPACITY: 0
	EVTOL TYPE: 0
SEGMENT 14: 
	NUM FAULTS: 0
	NUM FLIGHTS: 0
	NUM CHG SESSIONS: 0
	PASSENGER MILES: 0
	TOTAL DISTANCE: 0
	TOTAL FLIGHT TIME: 0
	TOTAL CHG TIME: 0
	BATTERY CAPACITY: 0
	EVTOL TYPE: 0
SEGMENT 15: 
	NUM FAULTS: 0
	NUM FLIGHTS: 0
	NUM CHG SESSIONS: 0
	PASSENGER MILES: 0
	TOTAL DISTANCE: 0
	TOTAL FLIGHT TIME: 0
	TOTAL CHG TIME: 0
	BATTERY CAPACITY: 0
	EVTOL TYPE: 0
SEGMENT 16: 
	NUM FAULTS: 0
	NUM FLIGHTS: 0
	NUM CHG SESSIONS: 0
	PASSENGER MILES: 0
	TOTAL DISTANCE: 0
	TOTAL FLIGHT TIME: 0
	TOTAL CHG TIME: 0
	BATTERY CAPACITY: 0
	EVTOL TYPE: 0
SEGMENT 17: 
	NUM FAULTS: 0
	NUM FLIGHTS: 0
	NUM CHG SESSIONS: 0
	PASSENGER MILES: 0
	TOTAL DISTANCE: 0
	TOTAL FLIGHT TIME: 0
	TOTAL CHG TIME: 0
	BATTERY CAPACITY: 0
	EVTOL TYPE: 0
SEGMENT 18: 
	NUM FAULTS: 0
	NUM FLIGHTS: 0
	NUM CHG SESSIONS: 0
	PASSENGER MILES: 0
	TOTAL DISTANCE: 0
	TOTAL FLIGHT TIME: 0
	TOTAL CHG TIME: 0
	BATTERY CAPACITY: 0
	EVTOL TYPE: 0
SEGMENT 19: 
	NUM FAULTS: 0
	NUM FLIGHTS: 0
	NUM CHG SESSIONS: 0
	PASSENGER MILES: 0
	TOTAL DISTANCE: 0
	TOTAL FLIGHT TIME: 0
	TOTAL CHG TIME: 0
	BATTERY CAPACITY: 0
	EVTOL TYPE: 0
CHARGER 0-> AVAILABLE
CHARGER 1-> AVAILABLE
CHARGER 2-> AVAILABLE

SEGMENT 0: 
	NUM FAULTS: 0
	NUM FLIGHTS: 0
	NUM CHG SESSIONS: 1
	PASSENGER MILES: 0
	TOTAL DISTANCE: 0
	TOTAL FLIGHT TIME: 0
	TOTAL CHG TIME: 60
	BATTERY CAPACITY: 272
	EVTOL TYPE: 0
SEGMENT 1: 
	NUM FAULTS: 0
	NUM FLIGHTS: 0
	NUM CHG SESSIONS: 1
	PASSENGER MILES: 0
	TOTAL DISTANCE: 0
	TOTAL FLIGHT TIME: 0
	TOTAL CHG TIME: 60
	BATTERY CAPACITY: 62.5
	EVTOL TYPE: 1
SEGMENT 2: 
	NUM FAULTS: 0
	NUM FLIGHTS: 0
	NUM CHG SESSIONS: 1
	PASSENGER MILES: 0
	TOTAL DISTANCE: 0
	TOTAL FLIGHT TIME: 0
	TOTAL CHG TIME: 60
	BATTERY CAPACITY: 132
	EVTOL TYPE: 2
SEGMENT 3: 
	NUM FAULTS: 0
	NUM FLIGHTS: 0
	NUM CHG SESSIONS: 1
	PASSENGER MILES: 0
	TOTAL DISTANCE: 0
	TOTAL FLIGHT TIME: 0
	TOTAL CHG TIME: 60
	BATTERY CAPACITY: 104.4
	EVTOL TYPE: 3
SEGMENT 4: 
	NUM FAULTS: 0
	NUM FLIGHTS: 0
	NUM CHG SESSIONS: 1
	PASSENGER MILES: 0
	TOTAL DISTANCE: 0
	TOTAL FLIGHT TIME: 0
	TOTAL CHG TIME: 60
	BATTERY CAPACITY: 112.3
	EVTOL TYPE: 4
SEGMENT 5: 
	NUM FAULTS: 0
	NUM FLIGHTS: 0
	NUM CHG SESSIONS: 0
	PASSENGER MILES: 0
	TOTAL DISTANCE: 0
	TOTAL FLIGHT TIME: 0
	TOTAL CHG TIME: 0
	BATTERY CAPACITY: 0
	EVTOL TYPE: 0
SEGMENT 6: 
	NUM FAULTS: 0
	NUM FLIGHTS: 0
	NUM CHG SESSIONS: 0
	PASSENGER MILES: 0
	TOTAL DISTANCE: 0
	TOTAL FLIGHT TIME: 0
	TOTAL CHG TIME: 0
	BATTERY CAPACITY: 0
	EVTOL TYPE: 0
SEGMENT 7: 
	NUM FAULTS: 0
	NUM FLIGHTS: 0
	NUM CHG SESSIONS: 0
	PASSENGER MILES: 0
	TOTAL DISTANCE: 0
	TOTAL FLIGHT TIME: 0
	TOTAL CHG TIME: 0
	BATTERY CAPACITY: 0
	EVTOL TYPE: 0
SEGMENT 8: 
	NUM FAULTS: 0
	NUM FLIGHTS: 0
	NUM CHG SESSIONS: 0
	PASSENGER MILES: 0
	TOTAL DISTANCE: 0
	TOTAL FLIGHT TIME: 0
	TOTAL CHG TIME: 0
	BATTERY CAPACITY: 0
	EVTOL TYPE: 0
SEGMENT 9: 
	NUM FAULTS: 0
	NUM FLIGHTS: 0
	NUM CHG SESSIONS: 0
	PASSENGER MILES: 0
	TOTAL DISTANCE: 0
	TOTAL FLIGHT TIME: 0
	TOTAL CHG TIME: 0
	BATTERY CAPACITY: 0
	EVTOL TYPE: 0
SEGMENT 10: 
	NUM FAULTS: 0
	NUM FLIGHTS: 0
	NUM CHG SESSIONS: 0
	PASSENGER MILES: 0
	TOTAL DISTANCE: 0
	TOTAL FLIGHT TIME: 0
	TOTAL CHG TIME: 0
	BATTERY CAPACITY: 0
	EVTOL TYPE: 0
SEGMENT 11: 
	NUM FAULTS: 0
	NUM FLIGHTS: 0
	NUM CHG SESSIONS: 0
	PASSENGER MILES: 0
	TOTAL DISTANCE: 0
	TOTAL FLIGHT TIME: 0
	TOTAL CHG TIME: 0
	BATTERY CAPACITY: 0
	EVTOL TYPE: 0
SEGMENT 12: 
	NUM FAULTS: 0
	NUM FLIGHTS: 0
	NUM CHG SESSIONS: 0
	PASSENGER MILES: 0
	TOTAL DISTANCE: 0
	TOTAL FLIGHT TIME: 0
	TOTAL CHG TIME: 0
	BATTERY CAPACITY: 0
	EVTOL TYPE: 0
SEGMENT 13: 
	NUM FAULTS: 0
	NUM FLIGHTS: 0
	NUM CHG SESSIONS: 0
	PASSENGER MILES: 0
	TOTAL DISTANCE: 0
	TOTAL FLIGHT TIME: 0
	TOTAL CHG TIME: 0
	BATTERY CAPACITY: 0
	EVTOL TYPE: 0
SEGMENT 14: 
	NUM FAULTS: 0
	NUM FLIGHTS: 0
	NUM CHG SESSIONS: 0
	PASSENGER MILES: 0
	TOTAL DISTANCE: 0
	TOTAL FLIGHT TIME: 0
	TOTAL CHG TIME: 0
	BATTERY CAPACITY: 0
	EVTOL TYPE: 0
SEGMENT 15: 
	NUM FAULTS: 0
	NUM FLIGHTS: 0
	NUM CHG SESSIONS: 0
	PASSENGER MILES: 0
	TOTAL DISTANCE: 0
	TOTAL FLIGHT TIME: 0
	TOTAL CHG TIME: 0
	BATTERY CAPACITY: 0
	EVTOL TYPE: 0
SEGMENT 16: 
	NUM FAULTS: 0
	NUM FLIGHTS: 0
	NUM CHG SESSIONS: 0
	PASSENGER MILES: 0
	TOTAL DISTANCE: 0
	TOTAL FLIGHT TIME: 0
	TOTAL CHG TIME: 0
	BATTERY CAPACITY: 0
	EVTOL TYPE: 0
SEGMENT 17: 
	NUM FAULTS: 0
	NUM FLIGHTS: 0
	NUM CHG SESSIONS: 0
	PASSENGER MILES: 0
	TOTAL DISTANCE: 0
	TOTAL FLIGHT TIME: 0
	TOTAL CHG TIME: 0
	BATTERY CAPACITY: 0
	EVTOL TYPE: 0
SEGMENT 18: 
	NUM FAULTS: 0
	NUM FLIGHTS: 0
	NUM CHG SESSIONS: 0
	PASSENGER MILES: 0
	TOTAL DISTANCE: 0
	TOTAL FLIGHT TIME: 0
	TOTAL CHG TIME: 0
	BATTERY CAPACITY: 0
	EVTOL TYPE: 0
SEGMENT 19: 
	NUM FAULTS: 0
	NUM FLIGHTS: 0
	NUM CHG SESSIONS: 0
	PASSENGER MILES: 0
	TOTAL DISTANCE: 0
	TOTAL FLIGHT TIME: 0
	TOTAL CHG TIME: 0
	BATTERY CAPACITY: 0
	EVTOL TYPE: 0
CHARGER 0-> AVAILABLE
CHARGER 1-> AVAILABLE
CHARGER 2-> AVAILABLE

SEGMENT 0: 
	NUM FAULTS: 0
	NUM FLIGHTS: 0
	NUM CHG SESSIONS: 1
	PASSENGER MILES: 0
	TOTAL DISTANCE: 0
	TOTAL FLIGHT TIME: 0
	TOTAL CHG TIME: 60
	BATTERY CAPACITY: 268.8
	EVTOL TYPE: 0
SEGMENT 1: 
	NUM FAULTS: 0
	NUM FLIGHTS: 0
	NUM CHG SESSIONS: 1
	PASSENGER MILES: 0
	TOTAL DISTANCE: 0
	TOTAL FLIGHT TIME: 0
	TOTAL CHG TIME: 60
	BATTERY CAPACITY: 60
	EVTOL TYPE: 1
SEGMENT 2: 
	NUM FAULTS: 0
	NUM FLIGHTS: 0
	NUM CHG SESSIONS: 1
	PASSENGER MILES: 0
	TOTAL DISTANCE: 0
	TOTAL FLIGHT TIME: 0
	TOTAL CHG TIME: 60
	BATTERY CAPACITY: 126.133
	EVTOL TYPE: 2
SEGMENT 3: 
	NUM FAULTS: 0
	NUM FLIGHTS: 0
	NUM CHG SESSIONS: 1
	PASSENGER MILES: 0
	TOTAL DISTANCE: 0
	TOTAL FLIGHT TIME: 0
	TOTAL CHG TIME: 60
	BATTERY CAPACITY: 103.2
	EVTOL TYPE: 3
SEGMENT 4: 
	NUM FAULTS: 0
	NUM FLIGHTS: 0
	NUM CHG SESSIONS: 1
	PASSENGER MILES: 0
	TOTAL DISTANCE: 0
	TOTAL FLIGHT TIME: 0
	TOTAL CHG TIME: 60
	BATTERY CAPACITY: 109.4
	EVTOL TYPE: 4
SEGMENT 5: 
	NUM FAULTS: 0
	NUM FLIGHTS: 0
	NUM CHG SESSIONS: 0
	PASSENGER MILES: 0
	TOTAL DISTANCE: 0
	TOTAL FLIGHT TIME: 0
	TOTAL CHG TIME: 0
	BATTERY CAPACITY: 0
	EVTOL TYPE: 0
SEGMENT 6: 
	NUM FAULTS: 0
	NUM FLIGHTS: 0
	NUM CHG SESSIONS: 0
	PASSENGER MILES: 0
	TOTAL DISTANCE: 0
	TOTAL FLIGHT TIME: 0
	TOTAL CHG TIME: 0
	BATTERY CAPACITY: 0
	EVTOL TYPE: 0
SEGMENT 7: 
	NUM FAULTS: 0
	NUM FLIGHTS: 0
	NUM CHG SESSIONS: 0
	PASSENGER MILES: 0
	TOTAL DISTANCE: 0
	TOTAL FLIGHT TIME: 0
	TOTAL CHG TIME: 0
	BATTERY CAPACITY: 0
	EVTOL TYPE: 0
SEGMENT 8: 
	NUM FAULTS: 0
	NUM FLIGHTS: 0
	NUM CHG SESSIONS: 0
	PASSENGER MILES: 0
	TOTAL DISTANCE: 0
	TOTAL FLIGHT TIME: 0
	TOTAL CHG TIME: 0
	BATTERY CAPACITY: 0
	EVTOL TYPE: 0
SEGMENT 9: 
	NUM FAULTS: 0
	NUM FLIGHTS: 0
	NUM CHG SESSIONS: 0
	PASSENGER MILES: 0
	TOTAL DISTANCE: 0
	TOTAL FLIGHT TIME: 0
	TOTAL CHG TIME: 0
	BATTERY CAPACITY: 0
	EVTOL TYPE: 0
SEGMENT 10: 
	NUM FAULTS: 0
	NUM FLIGHTS: 0
	NUM CHG SESSIONS: 0
	PASSENGER MILES: 0
	TOTAL DISTANCE: 0
	TOTAL FLIGHT TIME: 0
	TOTAL CHG TIME: 0
	BATTERY CAPACITY: 0
	EVTOL TYPE: 0
SEGMENT 11: 
	NUM FAULTS: 0
	NUM FLIGHTS: 0
	NUM CHG SESSIONS: 0
	PASSENGER MILES: 0
	TOTAL DISTANCE: 0
	TOTAL FLIGHT TIME: 0
	TOTAL CHG TIME: 0
	BATTERY CAPACITY: 0
	EVTOL TYPE: 0
SEGMENT 12: 
	NUM FAULTS: 0
	NUM FLIGHTS: 0
	NUM CHG SESSIONS: 0
	PASSENGER MILES: 0
	TOTAL DISTANCE: 0
	TOTAL FLIGHT TIME: 0
	TOTAL CHG TIME: 0
	BATTERY CAPACITY: 0
	EVTOL TYPE: 0
SEGMENT 13: 
	NUM FAULTS: 0
	NUM FLIGHTS: 0
	NUM CHG SESSIONS: 0
	PASSENGER MILES: 0
	TOTAL DISTANCE: 0
	TOTAL FLIGHT TIME: 0
	TOTAL CHG TIME: 0
	BATTERY CAPACITY: 0
	EVTOL TYPE: 0
SEGMENT 14: 
	NUM FAULTS: 0
	NUM FLIGHTS: 0
	NUM CHG SESSIONS: 0
	PASSENGER MILES: 0
	TOTAL DISTANCE: 0
	TOTAL FLIGHT TIME: 0
	TOTAL CHG TIME: 0
	BATTERY CAPACITY: 0
	EVTOL TYPE: 0
SEGMENT 15: 
	NUM FAULTS: 0
	NUM FLIGHTS: 0
	NUM CHG SESSIONS: 0
	PASSENGER MILES: 0
	TOTAL DISTANCE: 0
	TOTAL FLIGHT TIME: 0
	TOTAL CHG TIME: 0
	BATTERY CAPACITY: 0
	EVTOL TYPE: 0
SEGMENT 16: 
	NUM FAULTS: 0
	NUM FLIGHTS: 0
	NUM CHG SESSIONS: 0
	PASSENGER MILES: 0
	TOTAL DISTANCE: 0
	TOTAL FLIGHT TIME: 0
	TOTAL CHG TIME: 0
	BATTERY CAPACITY: 0
	EVTOL TYPE: 0
SEGMENT 17: 
	NUM FAULTS: 0
	NUM FLIGHTS: 0
	NUM CHG SESSIONS: 0
	PASSENGER MILES: 0
	TOTAL DISTANCE: 0
	TOTAL FLIGHT TIME: 0
	TOTAL CHG TIME: 0
	BATTERY CAPACITY: 0
	EVTOL TYPE: 0
SEGMENT 18: 
	NUM FAULTS: 0
	NUM FLIGHTS: 0
	NUM CHG SESSIONS: 0
	PASSENGER MILES: 0
	TOTAL DISTANCE: 0
	TOTAL FLIGHT TIME: 0
	TOTAL CHG TIME: 0
	BATTERY CAPACITY: 0
	EVTOL TYPE: 0
SEGMENT 19: 
	NUM FAULTS: 0
	NUM FLIGHTS: 0
	NUM CHG SESSIONS: 0
	PASSENGER MILES: 0
	TOTAL DISTANCE: 0
	TOTAL FLIGHT TIME: 0
	TOTAL CHG TIME: 0
	BATTERY CAPACITY: 0
	EVTOL TYPE: 0
CHARGER 0-> AVAILABLE
CHARGER 1-> AVAILABLE
CHARGER 2-> AVAILABLE

SEGMENT 0: 
	NUM FAULTS: 0
	NUM FLIGHTS: 0
	NUM CHG SESSIONS: 1
	PASSENGER MILES: 0
	TOTAL DISTANCE: 0
	TOTAL FLIGHT TIME: 0
	TOTAL CHG TIME: 60
	BATTERY CAPACITY: 265.6
	EVTOL TYPE: 0
SEGMENT 1: 
	NUM FAULTS: 0
	NUM FLIGHTS: 0
	NUM CHG SESSIONS: 1
	PASSENGER MILES: 0
	TOTAL DISTANCE: 0
	TOTAL FLIGHT TIME: 0
	TOTAL CHG TIME: 60
	BATTERY CAPACITY: 57.5
	EVTOL TYPE: 1
SEGMENT 2: 
	NUM FAULTS: 0
	NUM FLIGHTS: 0
	NUM CHG SESSIONS: 1
	PASSENGER MILES: 0
	TOTAL DISTANCE: 0
	TOTAL FLIGHT TIME: 0
	TOTAL CHG TIME: 60
	BATTERY CAPACITY: 120.267
	EVTOL TYPE: 2
SEGMENT 3: 
	NUM FAULTS: 0
	NUM FLIGHTS: 0
	NUM CHG SESSIONS: 1
	PASSENGER MILES: 0
	TOTAL DISTANCE: 0
	TOTAL FLIGHT TIME: 0
	TOTAL CHG TIME: 60
	BATTERY CAPACITY: 102
	EVTOL TYPE: 3
SEGMENT 4: 
	NUM FAULTS: 0
	NUM FLIGHTS: 0
	NUM CHG SESSIONS: 1
	PASSENGER MILES: 0
	TOTAL DISTANCE: 0
	TOTAL FLIGHT TIME: 0
	TOTAL CHG TIME: 60
	BATTERY CAPACITY: 106.5
	EVTOL TYPE: 4
SEGMENT 5: 
	NUM FAULTS: 0
	NUM FLIGHTS: 0
	NUM CHG SESSIONS: 0
	PASSENGER MILES: 0
	TOTAL DISTANCE: 0
	TOTAL FLIGHT TIME: 0
	TOTAL CHG TIME: 0
	BATTERY CAPACITY: 0
	EVTOL TYPE: 0
SEGMENT 6: 
	NUM FAULTS: 0
	NUM FLIGHTS: 0
	NUM CHG SESSIONS: 0
	PASSENGER MILES: 0
	TOTAL DISTANCE: 0
	TOTAL FLIGHT TIME: 0
	TOTAL CHG TIME: 0
	BATTERY CAPACITY: 0
	EVTOL TYPE: 0
SEGMENT 7: 
	NUM FAULTS: 0
	NUM FLIGHTS: 0
	NUM CHG SESSIONS: 0
	PASSENGER MILES: 0
	TOTAL DISTANCE: 0
	TOTAL FLIGHT TIME: 0
	TOTAL CHG TIME: 0
	BATTERY CAPACITY: 0
	EVTOL TYPE: 0
SEGMENT 8: 
	NUM FAULTS: 0
	NUM FLIGHTS: 0
	NUM CHG SESSIONS: 0
	PASSENGER MILES: 0
	TOTAL DISTANCE: 0
	TOTAL FLIGHT TIME: 0
	TOTAL CHG TIME: 0
	BATTERY CAPACITY: 0
	EVTOL TYPE: 0
SEGMENT 9: 
	NUM FAULTS: 0
	NUM FLIGHTS: 0
	NUM CHG SESSIONS: 0
	PASSENGER MILES: 0
	TOTAL DISTANCE: 0
	TOTAL FLIGHT TIME: 0
	TOTAL CHG TIME: 0
	BATTERY CAPACITY: 0
	EVTOL TYPE: 0
SEGMENT 10: 
	NUM FAULTS: 0
	NUM FLIGHTS: 0
	NUM CHG SESSIONS: 0
	PASSENGER MILES: 0
	TOTAL DISTANCE: 0
	TOTAL FLIGHT TIME: 0
	TOTAL CHG TIME: 0
	BATTERY CAPACITY: 0
	EVTOL TYPE: 0
SEGMENT 11: 
	NUM FAULTS: 0
	NUM FLIGHTS: 0
	NUM CHG SESSIONS: 0
	PASSENGER MILES: 0
	TOTAL DISTANCE: 0
	TOTAL FLIGHT TIME: 0
	TOTAL CHG TIME: 0
	BATTERY CAPACITY: 0
	EVTOL TYPE: 0
SEGMENT 12: 
	NUM FAULTS: 0
	NUM FLIGHTS: 0
	NUM CHG SESSIONS: 0
	PASSENGER MILES: 0
	TOTAL DISTANCE: 0
	TOTAL FLIGHT TIME: 0
	TOTAL CHG TIME: 0
	BATTERY CAPACITY: 0
	EVTOL TYPE: 0
SEGMENT 13: 
	NUM FAULTS: 0
	NUM FLIGHTS: 0
	NUM CHG SESSIONS: 0
	PASSENGER MILES: 0
	TOTAL DISTANCE: 0
	TOTAL FLIGHT TIME: 0
	TOTAL CHG TIME: 0
	BATTERY CAPACITY: 0
	EVTOL TYPE: 0
SEGMENT 14: 
	NUM FAULTS: 0
	NUM FLIGHTS: 0
	NUM CHG SESSIONS: 0
	PASSENGER MILES: 0
	TOTAL DISTANCE: 0
	TOTAL FLIGHT TIME: 0
	TOTAL CHG TIME: 0
	BATTERY CAPACITY: 0
	EVTOL TYPE: 0
SEGMENT 15: 
	NUM FAULTS: 0
	NUM FLIGHTS: 0
	NUM CHG SESSIONS: 0
	PASSENGER MILES: 0
	TOTAL DISTANCE: 0
	TOTAL FLIGHT TIME: 0
	TOTAL CHG TIME: 0
	BATTERY CAPACITY: 0
	EVTOL TYPE: 0
SEGMENT 16: 
	NUM FAULTS: 0
	NUM FLIGHTS: 0
	NUM CHG SESSIONS: 0
	PASSENGER MILES: 0
	TOTAL DISTANCE: 0
	TOTAL FLIGHT TIME: 0
	TOTAL CHG TIME: 0
	BATTERY CAPACITY: 0
	EVTOL TYPE: 0
SEGMENT 17: 
	NUM FAULTS: 0
	NUM FLIGHTS: 0
	NUM CHG SESSIONS: 0
	PASSENGER MILES: 0
	TOTAL DISTANCE: 0
	TOTAL FLIGHT TIME: 0
	TOTAL CHG TIME: 0
	BATTERY CAPACITY: 0
	EVTOL TYPE: 0
SEGMENT 18: 
	NUM FAULTS: 0
	NUM FLIGHTS: 0
	NUM CHG SESSIONS: 0
	PASSENGER MILES: 0
	TOTAL DISTANCE: 0
	TOTAL FLIGHT TIME: 0
	TOTAL CHG TIME: 0
	BATTERY CAPACITY: 0
	EVTOL TYPE: 0
SEGMENT 19: 
	NUM FAULTS: 0
	NUM FLIGHTS: 0
	NUM CHG SESSIONS: 0
	PASSENGER MILES: 0
	TOTAL DISTANCE: 0
	TOTAL FLIGHT TIME: 0
	TOTAL CHG TIME: 0
	BATTERY CAPACITY: 0
	EVTOL TYPE: 0
CHARGER 0-> AVAILABLE
CHARGER 1-> AVAILABLE
CHARGER 2-> AVAILABLE

SEGMENT 0: 
	NUM FAULTS: 0
	NUM FLIGHTS: 0
	NUM CHG SESSIONS: 1
	PASSENGER MILES: 0
	TOTAL DISTANCE: 0
	TOTAL FLIGHT TIME: 0
	TOTAL CHG TIME: 60
	BATTERY CAPACITY: 262.4
	EVTOL TYPE: 0
SEGMENT 1: 
	NUM FAULTS: 0
	NUM FLIGHTS: 0
	NUM CHG SESSIONS: 1
	PASSENGER MILES: 0
	TOTAL DISTANCE: 0
	TOTAL FLIGHT TIME: 0
	TOTAL CHG TIME: 60
	BATTERY CAPACITY: 55
	EVTOL TYPE: 1
SEGMENT 2: 
	NUM FAULTS: 0
	NUM FLIGHTS: 0
	NUM CHG SESSIONS: 1
	PASSENGER MILES: 0
	TOTAL DISTANCE: 0
	TOTAL FLIGHT TIME: 0
	TOTAL CHG TIME: 60
	BATTERY CAPACITY: 114.4
	EVTOL TYPE: 2
SEGMENT 3: 
	NUM FAULTS: 0
	NUM FLIGHTS: 0
	NUM CHG SESSIONS: 1
	PASSENGER MILES: 0
	TOTAL DISTANCE: 0
	TOTAL FLIGHT TIME: 0
	TOTAL CHG TIME: 60
	BATTERY CAPACITY: 100.8
	EVTOL TYPE: 3
SEGMENT 4: 
	NUM FAULTS: 0
	NUM FLIGHTS: 0
	NUM CHG SESSIONS: 1
	PASSENGER MILES: 0
	TOTAL DISTANCE: 0
	TOTAL FLIGHT TIME: 0
	TOTAL CHG TIME: 60
	BATTERY CAPACITY: 103.6
	EVTOL TYPE: 4
SEGMENT 5: 
	NUM FAULTS: 0
	NUM FLIGHTS: 0
	NUM CHG SESSIONS: 0
	PASSENGER MILES: 0
	TOTAL DISTANCE: 0
	TOTAL FLIGHT TIME: 0
	TOTAL CHG TIME: 0
	BATTERY CAPACITY: 0
	EVTOL TYPE: 0
SEGMENT 6: 
	NUM FAULTS: 0
	NUM FLIGHTS: 0
	NUM CHG SESSIONS: 0
	PASSENGER MILES: 0
	TOTAL DISTANCE: 0
	TOTAL FLIGHT TIME: 0
	TOTAL CHG TIME: 0
	BATTERY CAPACITY: 0
	EVTOL TYPE: 0
SEGMENT 7: 
	NUM FAULTS: 0
	NUM FLIGHTS: 0
	NUM CHG SESSIONS: 0
	PASSENGER MILES: 0
	TOTAL DISTANCE: 0
	TOTAL FLIGHT TIME: 0
	TOTAL CHG TIME: 0
	BATTERY CAPACITY: 0
	EVTOL TYPE: 0
SEGMENT 8: 
	NUM FAULTS: 0
	NUM FLIGHTS: 0
	NUM CHG SESSIONS: 0
	PASSENGER MILES: 0
	TOTAL DISTANCE: 0
	TOTAL FLIGHT TIME: 0
	TOTAL CHG TIME: 0
	BATTERY CAPACITY: 0
	EVTOL TYPE: 0
SEGMENT 9: 
	NUM FAULTS: 0
	NUM FLIGHTS: 0
	NUM CHG SESSIONS: 0
	PASSENGER MILES: 0
	TOTAL DISTANCE: 0
	TOTAL FLIGHT TIME: 0
	TOTAL CHG TIME: 0
	BATTERY CAPACITY: 0
	EVTOL TYPE: 0
SEGMENT 10: 
	NUM FAULTS: 0
	NUM FLIGHTS: 0
	NUM CHG SESSIONS: 0
	PASSENGER MILES: 0
	TOTAL DISTANCE: 0
	TOTAL FLIGHT TIME: 0
	TOTAL CHG TIME: 0
	BATTERY CAPACITY: 0
	EVTOL TYPE: 0
SEGMENT 11: 
	NUM FAULTS: 0
	NUM FLIGHTS: 0
	NUM CHG SESSIONS: 0
	PASSENGER MILES: 0
	TOTAL DISTANCE: 0
	TOTAL FLIGHT TIME: 0
	TOTAL CHG TIME: 0
	BATTERY CAPACITY: 0
	EVTOL TYPE: 0
SEGMENT 12: 
	NUM FAULTS: 0
	NUM FLIGHTS: 0
	NUM CHG SESSIONS: 0
	PASSENGER MILES: 0
	TOTAL DISTANCE: 0
	TOTAL FLIGHT TIME: 0
	TOTAL CHG TIME: 0
	BATTERY CAPACITY: 0
	EVTOL TYPE: 0
SEGMENT 13: 
	NUM FAULTS: 0
	NUM FLIGHTS: 0
	NUM CHG SESSIONS: 0
	PASSENGER MILES: 0
	TOTAL DISTANCE: 0
	TOTAL FLIGHT TIME: 0
	TOTAL CHG TIME: 0
	BATTERY CAPACITY: 0
	EVTOL TYPE: 0
SEGMENT 14: 
	NUM FAULTS: 0
	NUM FLIGHTS: 0
	NUM CHG SESSIONS: 0
	PASSENGER MILES: 0
	TOTAL DISTANCE: 0
	TOTAL FLIGHT TIME: 0
	TOTAL CHG TIME: 0
	BATTERY CAPACITY: 0
	EVTOL TYPE: 0
SEGMENT 15: 
	NUM FAULTS: 0
	NUM FLIGHTS: 0
	NUM CHG SESSIONS: 0
	PASSENGER MILES: 0
	TOTAL DISTANCE: 0
	TOTAL FLIGHT TIME: 0
	TOTAL CHG TIME: 0
	BATTERY CAPACITY: 0
	EVTOL TYPE: 0
SEGMENT 16: 
	NUM FAULTS: 0
	NUM FLIGHTS: 0
	NUM CHG SESSIONS: 0
	PASSENGER MILES: 0
	TOTAL DISTANCE: 0
	TOTAL FLIGHT TIME: 0
	TOTAL CHG TIME: 0
	BATTERY CAPACITY: 0
	EVTOL TYPE: 0
SEGMENT 17: 
	NUM FAULTS: 0
	NUM FLIGHTS: 0
	NUM CHG SESSIONS: 0
	PASSENGER MILES: 0
	TOTAL DISTANCE: 0
	TOTAL FLIGHT TIME: 0
	TOTAL CHG TIME: 0
	BATTERY CAPACITY: 0
	EVTOL TYPE: 0
SEGMENT 18: 
	NUM FAULTS: 0
	NUM FLIGHTS: 0
	NUM CHG SESSIONS: 0
	PASSENGER MILES: 0
	TOTAL DISTANCE: 0
	TOTAL FLIGHT TIME: 0
	TOTAL CHG TIME: 0
	BATTERY CAPACITY: 0
	EVTOL TYPE: 0
SEGMENT 19: 
	NUM FAULTS: 0
	NUM FLIGHTS: 0
	NUM CHG SESSIONS: 0
	PASSENGER MILES: 0
	TOTAL DISTANCE: 0
	TOTAL FLIGHT TIME: 0
	TOTAL CHG TIME: 0
	BATTERY CAPACITY: 0
	EVTOL TYPE: 0
CHARGER 0-> AVAILABLE
CHARGER 1-> AVAILABLE
CHARGER 2-> AVAILABLE

SEGMENT 0: 
	NUM FAULTS: 0
	NUM FLIGHTS: 0
	NUM CHG SESSIONS: 1
	PASSENGER MILES: 0
	TOTAL DISTANCE: 0
	TOTAL FLIGHT TIME: 0
	TOTAL CHG TIME: 60
	BATTERY CAPACITY: 259.2
	EVTOL TYPE: 0
SEGMENT 1: 
	NUM FAULTS: 0
	NUM FLIGHTS: 0
	NUM CHG SESSIONS: 1
	PASSENGER MILES: 0
	TOTAL DISTANCE: 0
	TOTAL FLIGHT TIME: 0
	TOTAL CHG TIME: 60
	BATTERY CAPACITY: 52.5
	EVTOL TYPE: 1
SEGMENT 2: 
	NUM FAULTS: 0
	NUM FLIGHTS: 0
	NUM CHG SESSIONS: 1
	PASSENGER MILES: 0
	TOTAL DISTANCE: 0
[...]
	NUM FLIGHTS: 0
	NUM CHG SESSIONS: 0
	PASSENGER MILES: 0
	TOTAL DISTANCE: 0
	TOTAL FLIGHT TIME: 0
	TOTAL CHG TIME: 0
	BATTERY CAPACITY: 0
	EVTOL TYPE: 0
SEGMENT 15: 
	NUM FAULTS: 0
	NUM FLIGHTS: 0
	NUM CHG SESSIONS: 0
	PASSENGER MILES: 0
	TOTAL DISTANCE: 0
	TOTAL FLIGHT TIME: 0
	TOTAL CHG TIME: 0
	BATTERY CAPACITY: 0
	EVTOL TYPE: 0
SEGMENT 16: 
	NUM FAULTS: 0
	NUM FLIGHTS: 0
	NUM CHG SESSIONS: 0
	PASSENGER MILES: 0
	TOTAL DISTANCE: 0
	TOTAL FLIGHT TIME: 0
	TOTAL CHG TIME: 0
	BATTERY CAPACITY: 0
	EVTOL TYPE: 0
SEGMENT 17: 
	NUM FAULTS: 0
	NUM FLIGHTS: 0
	NUM CHG SESSIONS: 0
	PASSENGER MILES: 0
	TOTAL DISTANCE: 0
	TOTAL FLIGHT TIME: 0
	TOTAL CHG TIME: 0
	BATTERY CAPACITY: 0
	EVTOL TYPE: 0
SEGMENT 18: 
	NUM FAULTS: 0
	NUM FLIGHTS: 0
	NUM CHG SESSIONS: 0
	PASSENGER MILES: 0
	TOTAL DISTANCE: 0
	TOTAL FLIGHT TIME: 0
	TOTAL CHG TIME: 0
	BATTERY CAPACITY: 0
	EVTOL TYPE: 0
SEGMENT 19: 
	NUM FAULTS: 0
	NUM FLIGHTS: 0
	NUM CHG SESSIONS: 0
	PASSENGER MILES: 0
	TOTAL DISTANCE: 0
	TOTAL FLIGHT TIME: 0
	TOTAL CHG TIME: 0
	BATTERY CAPACITY: 0
	EVTOL TYPE: 0
CHARGER 0-> AVAILABLE
CHARGER 1-> AVAILABLE
CHARGER 2-> AVAILABLE

SEGMENT 0: 
	NUM FAULTS: 0
	NUM FLIGHTS: 0
	NUM CHG SESSIONS: 1
	PASSENGER MILES: 0
	TOTAL DISTANCE: 0
	TOTAL FLIGHT TIME: 0
	TOTAL CHG TIME: 60
	BATTERY CAPACITY: 22.3999
	EVTOL TYPE: 0
SEGMENT 1: 
	NUM FAULTS: 0
	NUM FLIGHTS: 1
	NUM CHG SESSIONS: 2
	PASSENGER MILES: 341.667
	TOTAL DISTANCE: 68.3333
	TOTAL FLIGHT TIME: 2460
	TOTAL CHG TIME: 780
	BATTERY CAPACITY: 5
	EVTOL TYPE: 1
SEGMENT 2: 
	NUM FAULTS: 0
	NUM FLIGHTS: 1
	NUM CHG SESSIONS: 2
	PASSENGER MILES: 304
	TOTAL DISTANCE: 101.333
	TOTAL FLIGHT TIME: 2280
	TOTAL CHG TIME: 3000
	BATTERY CAPACITY: 196.533
	EVTOL TYPE: 2
SEGMENT 3: 
	NUM FAULTS: 0
	NUM FLIGHTS: 0
	NUM CHG SESSIONS: 1
	PASSENGER MILES: 0
	TOTAL DISTANCE: 0
	TOTAL FLIGHT TIME: 0
	TOTAL CHG TIME: 60
	BATTERY CAPACITY: 10.8001
	EVTOL TYPE: 3
SEGMENT 4: 
	NUM FAULTS: 1
	NUM FLIGHTS: 1
	NUM CHG SESSIONS: 2
	PASSENGER MILES: 52
	TOTAL DISTANCE: 26
	TOTAL FLIGHT TIME: 3120
	TOTAL CHG TIME: 1200
	BATTERY CAPACITY: 97.8
	EVTOL TYPE: 4
SEGMENT 5: 
	NUM FAULTS: 0
	NUM FLIGHTS: 0
	NUM CHG SESSIONS: 0
	PASSENGER MILES: 0
	TOTAL DISTANCE: 0
	TOTAL FLIGHT TIME: 0
	TOTAL CHG TIME: 0
	BATTERY CAPACITY: 0
	EVTOL TYPE: 0
SEGMENT 6: 
	NUM FAULTS: 0
	NUM FLIGHTS: 0
	NUM CHG SESSIONS: 0
	PASSENGER MILES: 0
	TOTAL DISTANCE: 0
	TOTAL FLIGHT TIME: 0
	TOTAL CHG TIME: 0
	BATTERY CAPACITY: 0
	EVTOL TYPE: 0
SEGMENT 7: 
	NUM FAULTS: 0
	NUM FLIGHTS: 0
	NUM CHG SESSIONS: 0
	PASSENGER MILES: 0
	TOTAL DISTANCE: 0
	TOTAL FLIGHT TIME: 0
	TOTAL CHG TIME: 0
	BATTERY CAPACITY: 0
	EVTOL TYPE: 0
SEGMENT 8: 
	NUM FAULTS: 0
	NUM FLIGHTS: 0
	NUM CHG SESSIONS: 0
	PASSENGER MILES: 0
	TOTAL DISTANCE: 0
	TOTAL FLIGHT TIME: 0
	TOTAL CHG TIME: 0
	BATTERY CAPACITY: 0
	EVTOL TYPE: 0
SEGMENT 9: 
	NUM FAULTS: 0
	NUM FLIGHTS: 0
	NUM CHG SESSIONS: 0
	PASSENGER MILES: 0
	TOTAL DISTANCE: 0
	TOTAL FLIGHT TIME: 0
	TOTAL CHG TIME: 0
	BATTERY CAPACITY: 0
	EVTOL TYPE: 0
SEGMENT 10: 
	NUM FAULTS: 0
	NUM FLIGHTS: 0
	NUM CHG SESSIONS: 0
	PASSENGER MILES: 0
	TOTAL DISTANCE: 0
	TOTAL FLIGHT TIME: 0
	TOTAL CHG TIME: 0
	BATTERY CAPACITY: 0
	EVTOL TYPE: 0
SEGMENT 11: 
	NUM FAULTS: 0
	NUM FLIGHTS: 0
	NUM CHG SESSIONS: 0
	PASSENGER MILES: 0
	TOTAL DISTANCE: 0
	TOTAL FLIGHT TIME: 0
	TOTAL CHG TIME: 0
	BATTERY CAPACITY: 0
	EVTOL TYPE: 0
SEGMENT 12: 
	NUM FAULTS: 0
	NUM FLIGHTS: 0
	NUM CHG SESSIONS: 0
	PASSENGER MILES: 0
	TOTAL DISTANCE: 0
	TOTAL FLIGHT TIME: 0
	TOTAL CHG TIME: 0
	BATTERY CAPACITY: 0
	EVTOL TYPE: 0
SEGMENT 13: 
	NUM FAULTS: 0
	NUM FLIGHTS: 0
	NUM CHG SESSIONS: 0
	PASSENGER MILES: 0
	TOTAL DISTANCE: 0
	TOTAL FLIGHT TIME: 0
	TOTAL CHG TIME: 0
	BATTERY CAPACITY: 0
	EVTOL TYPE: 0
SEGMENT 14: 
	NUM FAULTS: 0
	NUM FLIGHTS: 0
	NUM CHG SESSIONS: 0
	PASSENGER MILES: 0
	TOTAL DISTANCE: 0
	TOTAL FLIGHT TIME: 0
	TOTAL CHG TIME: 0
	BATTERY CAPACITY: 0
	EVTOL TYPE: 0
SEGMENT 15: 
	NUM FAULTS: 0
	NUM FLIGHTS: 0
	NUM CHG SESSIONS: 0
	PASSENGER MILES: 0
	TOTAL DISTANCE: 0
	TOTAL FLIGHT TIME: 0
	TOTAL CHG TIME: 0
	BATTERY CAPACITY: 0
	EVTOL TYPE: 0
SEGMENT 16: 
	NUM FAULTS: 0
	NUM FLIGHTS: 0
	NUM CHG SESSIONS: 0
	PASSENGER MILES: 0
	TOTAL DISTANCE: 0
	TOTAL FLIGHT TIME: 0
	TOTAL CHG TIME: 0
	BATTERY CAPACITY: 0
	EVTOL TYPE: 0
SEGMENT 17: 
	NUM FAULTS: 0
	NUM FLIGHTS: 0
	NUM CHG SESSIONS: 0
	PASSENGER MILES: 0
	TOTAL DISTANCE: 0
	TOTAL FLIGHT TIME: 0
	TOTAL CHG TIME: 0
	BATTERY CAPACITY: 0
	EVTOL TYPE: 0
SEGMENT 18: 
	NUM FAULTS: 0
	NUM FLIGHTS: 0
	NUM CHG SESSIONS: 0
	PASSENGER MILES: 0
	TOTAL DISTANCE: 0
	TOTAL FLIGHT TIME: 0
	TOTAL CHG TIME: 0
	BATTERY CAPACITY: 0
	EVTOL TYPE: 0
SEGMENT 19: 
	NUM FAULTS: 0
	NUM FLIGHTS: 0
	NUM CHG SESSIONS: 0
	PASSENGER MILES: 0
	TOTAL DISTANCE: 0
	TOTAL FLIGHT TIME: 0
	TOTAL CHG TIME: 0
	BATTERY CAPACITY: 0
	EVTOL TYPE: 0
CHARGER 0-> AVAILABLE
CHARGER 1-> AVAILABLE
CHARGER 2-> AVAILABLE

SEGMENT 0: 
	NUM FAULTS: 0
	NUM FLIGHTS: 0
	NUM CHG SESSIONS: 1
	PASSENGER MILES: 0
	TOTAL DISTANCE: 0
	TOTAL FLIGHT TIME: 0
	TOTAL CHG TIME: 60
	BATTERY CAPACITY: 19.1999
	EVTOL TYPE: 0
SEGMENT 1: 
	NUM FAULTS: 0
	NUM FLIGHTS: 1
	NUM CHG SESSIONS: 2
	PASSENGER MILES: 341.667
	TOTAL DISTANCE: 68.3333
	TOTAL FLIGHT TIME: 2460
	TOTAL CHG TIME: 780
	BATTERY CAPACITY: 2.5
	EVTOL TYPE: 1
SEGMENT 2: 
	NUM FAULTS: 0
	NUM FLIGHTS: 1
	NUM CHG SESSIONS: 2
	PASSENGER MILES: 304
	TOTAL DISTANCE: 101.333
	TOTAL FLIGHT TIME: 2280
	TOTAL CHG TIME: 3000
	BATTERY CAPACITY: 190.667
	EVTOL TYPE: 2
SEGMENT 3: 
	NUM FAULTS: 0
	NUM FLIGHTS: 0
	NUM CHG SESSIONS: 1
	PASSENGER MILES: 0
	TOTAL DISTANCE: 0
	TOTAL FLIGHT TIME: 0
	TOTAL CHG TIME: 60
	BATTERY CAPACITY: 9.60011
	EVTOL TYPE: 3
SEGMENT 4: 
	NUM FAULTS: 1
	NUM FLIGHTS: 1
	NUM CHG SESSIONS: 2
	PASSENGER MILES: 52
	TOTAL DISTANCE: 26
	TOTAL FLIGHT TIME: 3120
	TOTAL CHG TIME: 1200
	BATTERY CAPACITY: 94.9
	EVTOL TYPE: 4
SEGMENT 5: 
	NUM FAULTS: 0
	NUM FLIGHTS: 0
	NUM CHG SESSIONS: 0
	PASSENGER MILES: 0
	TOTAL DISTANCE: 0
	TOTAL FLIGHT TIME: 0
	TOTAL CHG TIME: 0
	BATTERY CAPACITY: 0
	EVTOL TYPE: 0
SEGMENT 6: 
	NUM FAULTS: 0
	NUM FLIGHTS: 0
	NUM CHG SESSIONS: 0
	PASSENGER MILES: 0
	TOTAL DISTANCE: 0
	TOTAL FLIGHT TIME: 0
	TOTAL CHG TIME: 0
	BATTERY CAPACITY: 0
	EVTOL TYPE: 0
SEGMENT 7: 
	NUM FAULTS: 0
	NUM FLIGHTS: 0
	NUM CHG SESSIONS: 0
	PASSENGER MILES: 0
	TOTAL DISTANCE: 0
	TOTAL FLIGHT TIME: 0
	TOTAL CHG TIME: 0
	BATTERY CAPACITY: 0
	EVTOL TYPE: 0
SEGMENT 8: 
	NUM FAULTS: 0
	NUM FLIGHTS: 0
	NUM CHG SESSIONS: 0
	PASSENGER MILES: 0
	TOTAL DISTANCE: 0
	TOTAL FLIGHT TIME: 0
	TOTAL CHG TIME: 0
	BATTERY CAPACITY: 0
	EVTOL TYPE: 0
SEGMENT 9: 
	NUM FAULTS: 0
	NUM FLIGHTS: 0
	NUM CHG SESSIONS: 0
	PASSENGER MILES: 0
	TOTAL DISTANCE: 0
	TOTAL FLIGHT TIME: 0
	TOTAL CHG TIME: 0
	BATTERY CAPACITY: 0
	EVTOL TYPE: 0
SEGMENT 10: 
	NUM FAULTS: 0
	NUM FLIGHTS: 0
	NUM CHG SESSIONS: 0
	PASSENGER MILES: 0
	TOTAL DISTANCE: 0
	TOTAL FLIGHT TIME: 0
	TOTAL CHG TIME: 0
	BATTERY CAPACITY: 0
	EVTOL TYPE: 0
SEGMENT 11: 
	NUM FAULTS: 0
	NUM FLIGHTS: 0
	NUM CHG SESSIONS: 0
	PASSENGER MILES: 0
	TOTAL DISTANCE: 0
	TOTAL FLIGHT TIME: 0
	TOTAL CHG TIME: 0
	BATTERY CAPACITY: 0
	EVTOL TYPE: 0
SEGMENT 12: 
	NUM FAULTS: 0
	NUM FLIGHTS: 0
	NUM CHG SESSIONS: 0
	PASSENGER MILES: 0
	TOTAL DISTANCE: 0
	TOTAL FLIGHT TIME: 0
	TOTAL CHG TIME: 0
	BATTERY CAPACITY: 0
	EVTOL TYPE: 0
SEGMENT 13: 
	NUM FAULTS: 0
	NUM FLIGHTS: 0
	NUM CHG SESSIONS: 0
	PASSENGER MILES: 0
	TOTAL DISTANCE: 0
	TOTAL FLIGHT TIME: 0
	TOTAL CHG TIME: 0
	BATTERY CAPACITY: 0
	EVTOL TYPE: 0
SEGMENT 14: 
	NUM FAULTS: 0
	NUM FLIGHTS: 0
	NUM CHG SESSIONS: 0
	PASSENGER MILES: 0
	TOTAL DISTANCE: 0
	TOTAL FLIGHT TIME: 0
	TOTAL CHG TIME: 0
	BATTERY CAPACITY: 0
	EVTOL TYPE: 0
SEGMENT 15: 
	NUM FAULTS: 0
	NUM FLIGHTS: 0
	NUM CHG SESSIONS: 0
	PASSENGER MILES: 0
	TOTAL DISTANCE: 0
	TOTAL FLIGHT TIME: 0
	TOTAL CHG TIME: 0
	BATTERY CAPACITY: 0
	EVTOL TYPE: 0
SEGMENT 16: 
	NUM FAULTS: 0
	NUM FLIGHTS: 0
	NUM CHG SESSIONS: 0
	PASSENGER MILES: 0
	TOTAL DISTANCE: 0
	TOTAL FLIGHT TIME: 0
	TOTAL CHG TIME: 0
	BATTERY CAPACITY: 0
	EVTOL TYPE: 0
SEGMENT 17: 
	NUM FAULTS: 0
	NUM FLIGHTS: 0
	NUM CHG SESSIONS: 0
	PASSENGER MILES: 0
	TOTAL DISTANCE: 0
	TOTAL FLIGHT TIME: 0
	TOTAL CHG TIME: 0
	BATTERY CAPACITY: 0
	EVTOL TYPE: 0
SEGMENT 18: 
	NUM FAULTS: 0
	NUM FLIGHTS: 0
	NUM CHG SESSIONS: 0
	PASSENGER MILES: 0
	TOTAL DISTANCE: 0
	TOTAL FLIGHT TIME: 0
	TOTAL CHG TIME: 0
	BATTERY CAPACITY: 0
	EVTOL TYPE: 0
SEGMENT 19: 
	NUM FAULTS: 0
	NUM FLIGHTS: 0
	NUM CHG SESSIONS: 0
	PASSENGER MILES: 0
	TOTAL DISTANCE: 0
	TOTAL FLIGHT TIME: 0
	TOTAL CHG TIME: 0
	BATTERY CAPACITY: 0
	EVTOL TYPE: 0
CHARGER 0-> AVAILABLE
CHARGER 1-> AVAILABLE
CHARGER 2-> AVAILABLE

SEGMENT 0: 
	NUM FAULTS: 0
	NUM FLIGHTS: 0
	NUM CHG SESSIONS: 1
	PASSENGER MILES: 0
	TOTAL DISTANCE: 0
	TOTAL FLIGHT TIME: 0
	TOTAL CHG TIME: 60
	BATTERY CAPACITY: 15.9999
	EVTOL TYPE: 0
SEGMENT 1: 
	NUM FAULTS: 0
	NUM FLIGHTS: 1
	NUM CHG SESSIONS: 2
	PASSENGER MILES: 341.667
	TOTAL DISTANCE: 68.3333
	TOTAL FLIGHT TIME: 2460
	TOTAL CHG TIME: 780
	BATTERY CAPACITY: 0
	EVTOL TYPE: 1
SEGMENT 2: 
	NUM FAULTS: 0
	NUM FLIGHTS: 1
	NUM CHG SESSIONS: 2
	PASSENGER MILES: 304
	TOTAL DISTANCE: 101.333
	TOTAL FLIGHT TIME: 2280
	TOTAL CHG TIME: 3000
	BATTERY CAPACITY: 184.8
	EVTOL TYPE: 2
SEGMENT 3: 
	NUM FAULTS: 0
	NUM FLIGHTS: 0
	NUM CHG SESSIONS: 1
	PASSENGER MILES: 0
	TOTAL DISTANCE: 0
	TOTAL FLIGHT TIME: 0
	TOTAL CHG TIME: 60
	BATTERY CAPACITY: 8.40011
	EVTOL TYPE: 3
SEGMENT 4: 
	NUM FAULTS: 1
	NUM FLIGHTS: 1
	NUM CHG SESSIONS: 2
	PASSENGER MILES: 52
	TOTAL DISTANCE: 26
	TOTAL FLIGHT TIME: 3120
	TOTAL CHG TIME: 1200
	BATTERY CAPACITY: 92
	EVTOL TYPE: 4
SEGMENT 5: 
	NUM FAULTS: 0
	NUM FLIGHTS: 0
	NUM CHG SESSIONS: 0
	PASSENGER MILES: 0
	TOTAL DISTANCE: 0
	TOTAL FLIGHT TIME: 0
	TOTAL CHG TIME: 0
	BATTERY CAPACITY: 0
	EVTOL TYPE: 0
SEGMENT 6: 
	NUM FAULTS: 0
	NUM FLIGHTS: 0
	NUM CHG SESSIONS: 0
	PASSENGER MILES: 0
	TOTAL DISTANCE: 0
	TOTAL FLIGHT TIME: 0
	TOTAL CHG TIME: 0
	BATTERY CAPACITY: 0
	EVTOL TYPE: 0
SEGMENT 7: 
	NUM FAULTS: 0
	NUM FLIGHTS: 0
	NUM CHG SESSIONS: 0
	PASSENGER MILES: 0
	TOTAL DISTANCE: 0
	TOTAL FLIGHT TIME: 0
	TOTAL CHG TIME: 0
	BATTERY CAPACITY: 0
	EVTOL TYPE: 0
SEGMENT 8: 
	NUM FAULTS: 0
	NUM FLIGHTS: 0
	NUM CHG SESSIONS: 0
	PASSENGER MILES: 0
	TOTAL DISTANCE: 0
	TOTAL FLIGHT TIME: 0
	TOTAL CHG TIME: 0
	BATTERY CAPACITY: 0
	EVTOL TYPE: 0
SEGMENT 9: 
	NUM FAULTS: 0
	NUM FLIGHTS: 0
	NUM CHG SESSIONS: 0
	PASSENGER MILES: 0
	TOTAL DISTANCE: 0
	TOTAL FLIGHT TIME: 0
	TOTAL CHG TIME: 0
	BATTERY CAPACITY: 0
	EVTOL TYPE: 0
SEGMENT 10: 
	NUM FAULTS: 0
	NUM FLIGHTS: 0
	NUM CHG SESSIONS: 0
	PASSENGER MILES: 0
	TOTAL DISTANCE: 0
	TOTAL FLIGHT TIME: 0
	TOTAL CHG TIME: 0
	BATTERY CAPACITY: 0
	EVTOL TYPE: 0
SEGMENT 11: 
	NUM FAULTS: 0
	NUM FLIGHTS: 0
	NUM CHG SESSIONS: 0
	PASSENGER MILES: 0
	TOTAL DISTANCE: 0
	TOTAL FLIGHT TIME: 0
	TOTAL CHG TIME: 0
	BATTERY CAPACITY: 0
	EVTOL TYPE: 0
SEGMENT 12: 
	NUM FAULTS: 0
	NUM FLIGHTS: 0
	NUM CHG SESSIONS: 0
	PASSENGER MILES: 0
	TOTAL DISTANCE: 0
	TOTAL FLIGHT TIME: 0
	TOTAL CHG TIME: 0
	BATTERY CAPACITY: 0
	EVTOL TYPE: 0
SEGMENT 13: 
	NUM FAULTS: 0
	NUM FLIGHTS: 0
	NUM CHG SESSIONS: 0
	PASSENGER MILES: 0
	TOTAL DISTANCE: 0
	TOTAL FLIGHT TIME: 0
	TOTAL CHG TIME: 0
	BATTERY CAPACITY: 0
	EVTOL TYPE: 0
SEGMENT 14: 
	NUM FAULTS: 0
	NUM FLIGHTS: 0
	NUM CHG SESSIONS: 0
	PASSENGER MILES: 0
	TOTAL DISTANCE: 0
	TOTAL FLIGHT TIME: 0
	TOTAL CHG TIME: 0
	BATTERY CAPACITY: 0
	EVTOL TYPE: 0
SEGMENT 15: 
	NUM FAULTS: 0
	NUM FLIGHTS: 0
	NUM CHG SESSIONS: 0
	PASSENGER MILES: 0
	TOTAL DISTANCE: 0
	TOTAL FLIGHT TIME: 0
	TOTAL CHG TIME: 0
	BATTERY CAPACITY: 0
	EVTOL TYPE: 0
SEGMENT 16: 
	NUM FAULTS: 0
	NUM FLIGHTS: 0
	NUM CHG SESSIONS: 0
	PASSENGER MILES: 0
	TOTAL DISTANCE: 0
	TOTAL FLIGHT TIME: 0
	TOTAL CHG TIME: 0
	BATTERY CAPACITY: 0
	EVTOL TYPE: 0
SEGMENT 17: 
	NUM FAULTS: 0
	NUM FLIGHTS: 0
	NUM CHG SESSIONS: 0
	PASSENGER MILES: 0
	TOTAL DISTANCE: 0
	TOTAL FLIGHT TIME: 0
	TOTAL CHG TIME: 0
	BATTERY CAPACITY: 0
	EVTOL TYPE: 0
SEGMENT 18: 
	NUM FAULTS: 0
	NUM FLIGHTS: 0
	NUM CHG SESSIONS: 0
	PASSENGER MILES: 0
	TOTAL DISTANCE: 0
	TOTAL FLIGHT TIME: 0
	TOTAL CHG TIME: 0
	BATTERY CAPACITY: 0
	EVTOL TYPE: 0
SEGMENT 19: 
	NUM FAULTS: 0
	NUM FLIGHTS: 0
	NUM CHG SESSIONS: 0
	PASSENGER MILES: 0
	TOTAL DISTANCE: 0
	TOTAL FLIGHT TIME: 0
	TOTAL CHG TIME: 0
	BATTERY CAPACITY: 0
	EVTOL TYPE: 0
CHARGER 0-> AVAILABLE
CHARGER 1-> AVAILABLE
CHARGER 2-> AVAILABLE

SEGMENT 0: 
	NUM FAULTS: 0
	NUM FLIGHTS: 0
	NUM CHG SESSIONS: 1
	PASSENGER MILES: 0
	TOTAL DISTANCE: 0
	TOTAL FLIGHT TIME: 0
	TOTAL CHG TIME: 60
	BATTERY CAPACITY: 12.7999
	EVTOL TYPE: 0
SEGMENT 1: 
	NUM FAULTS: 0
	NUM FLIGHTS: 2
	NUM CHG SESSIONS: 2
	PASSENGER MILES: 683.333
	TOTAL DISTANCE: 136.667
	TOTAL FLIGHT TIME: 4920
	TOTAL CHG TIME: 780
	BATTERY CAPACITY: 0
	EVTOL TYPE: 1
SEGMENT 2: 
	NUM FAULTS: 0
	NUM FLIGHTS: 1
	NUM CHG SESSIONS: 2
	PASSENGER MILES: 304
	TOTAL DISTANCE: 101.333
	TOTAL FLIGHT TIME: 2280
	TOTAL CHG TIME: 3000
	BATTERY CAPACITY: 178.933
	EVTOL TYPE: 2
SEGMENT 3: 
	NUM FAULTS: 0
	NUM FLIGHTS: 0
	NUM CHG SESSIONS: 1
	PASSENGER MILES: 0
	TOTAL DISTANCE: 0
	TOTAL FLIGHT TIME: 0
	TOTAL CHG TIME: 60
	BATTERY CAPACITY: 7.20011
	EVTOL TYPE: 3
SEGMENT 4: 
	NUM FAULTS: 1
	NUM FLIGHTS: 1
	NUM CHG SESSIONS: 2
	PASSENGER MILES: 52
	TOTAL DISTANCE: 26
	TOTAL FLIGHT TIME: 3120
	TOTAL CHG TIME: 1200
	BATTERY CAPACITY: 89.1
	EVTOL TYPE: 4
SEGMENT 5: 
	NUM FAULTS: 0
	NUM FLIGHTS: 0
	NUM CHG SESSIONS: 0
	PASSENGER MILES: 0
	TOTAL DISTANCE: 0
	TOTAL FLIGHT TIME: 0
	TOTAL CHG TIME: 0
	BATTERY CAPACITY: 0
	EVTOL TYPE: 0
SEGMENT 6: 
	NUM FAULTS: 0
	NUM FLIGHTS: 0
	NUM CHG SESSIONS: 0
	PASSENGER MILES: 0
	TOTAL DISTANCE: 0
	TOTAL FLIGHT TIME: 0
	TOTAL CHG TIME: 0
	BATTERY CAPACITY: 0
	EVTOL TYPE: 0
SEGMENT 7: 
	NUM FAULTS: 0
	NUM FLIGHTS: 0
	NUM CHG SESSIONS: 0
	PASSENGER MILES: 0
	TOTAL DISTANCE: 0
	TOTAL FLIGHT TIME: 0
	TOTAL CHG TIME: 0
	BATTERY CAPACITY: 0
	EVTOL TYPE: 0
SEGMENT 8: 
	NUM FAULTS: 0
	NUM FLIGHTS: 0
	NUM CHG SESSIONS: 0
	PASSENGER MILES: 0
	TOTAL DISTANCE: 0
	TOTAL FLIGHT TIME: 0
	TOTAL CHG TIME: 0
	BATTERY CAPACITY: 0
	EVTOL TYPE: 0
SEGMENT 9: 
	NUM FAULTS: 0
	NUM FLIGHTS: 0
	NUM CHG SESSIONS: 0
	PASSENGER MILES: 0
	TOTAL DISTANCE: 0
	TOTAL FLIGHT TIME: 0
	TOTAL CHG TIME: 0
	BATTERY CAPACITY: 0
	EVTOL TYPE: 0
SEGMENT 10: 
	NUM FAULTS: 0
	NUM FLIGHTS: 0
	NUM CHG SESSIONS: 0
	PASSENGER MILES: 0
	TOTAL DISTANCE: 0
	TOTAL FLIGHT TIME: 0
	TOTAL CHG TIME: 0
	BATTERY CAPACITY: 0
	EVTOL TYPE: 0
SEGMENT 11: 
	NUM FAULTS: 0
	NUM FLIGHTS: 0
	NUM CHG SESSIONS: 0
	PASSENGER MILES: 0
	TOTAL DISTANCE: 0
	TOTAL FLIGHT TIME: 0
	TOTAL CHG TIME: 0
	BATTERY CAPACITY: 0
	EVTOL TYPE: 0
SEGMENT 12: 
	NUM FAULTS: 0
	NUM FLIGHTS: 0
	NUM CHG SESSIONS: 0
	PASSENGER MILES: 0
	TOTAL DISTANCE: 0
	TOTAL FLIGHT TIME: 0
	TOTAL CHG TIME: 0
	BATTERY CAPACITY: 0
	EVTOL TYPE: 0
SEGMENT 13: 
	NUM FAULTS: 0
	NUM FLIGHTS: 0
	NUM CHG SESSIONS: 0
	PASSENGER MILES: 0
	TOTAL DISTANCE: 0
	TOTAL FLIGHT TIME: 0
	TOTAL CHG TIME: 0
	BATTERY CAPACITY: 0
	EVTOL TYPE: 0
SEGMENT 14: 
	NUM FAULTS: 0
	NUM FLIGHTS: 0
	NUM CHG SESSIONS: 0
	PASSENGER MILES: 0
	TOTAL DISTANCE: 0
	TOTAL FLIGHT TIME: 0
	TOTAL CHG TIME: 0
	BATTERY CAPACITY: 0
	EVTOL TYPE: 0
SEGMENT 15: 
	NUM FAULTS: 0
	NUM FLIGHTS: 0
	NUM CHG SESSIONS: 0
	PASSENGER MILES: 0
	TOTAL DISTANCE: 0
	TOTAL FLIGHT TIME: 0
	TOTAL CHG TIME: 0
	BATTERY CAPACITY: 0
	EVTOL TYPE: 0
SEGMENT 16: 
	NUM FAULTS: 0
	NUM FLIGHTS: 0
	NUM CHG SESSIONS: 0
	PASSENGER MILES: 0
	TOTAL DISTANCE: 0
	TOTAL FLIGHT TIME: 0
	TOTAL CHG TIME: 0
	BATTERY CAPACITY: 0
	EVTOL TYPE: 0
SEGMENT 17: 
	NUM FAULTS: 0
	NUM FLIGHTS: 0
	NUM CHG SESSIONS: 0
	PASSENGER MILES: 0
	TOTAL DISTANCE: 0
	TOTAL FLIGHT TIME: 0
	TOTAL CHG TIME: 0
	BATTERY CAPACITY: 0
	EVTOL TYPE: 0
SEGMENT 18: 
	NUM FAULTS: 0
	NUM FLIGHTS: 0
	NUM CHG SESSIONS: 0
	PASSENGER MILES: 0
	TOTAL DISTANCE: 0
	TOTAL FLIGHT TIME: 0
	TOTAL CHG TIME: 0
	BATTERY CAPACITY: 0
	EVTOL TYPE: 0
SEGMENT 19: 
	NUM FAULTS: 0
	NUM FLIGHTS: 0
	NUM CHG SESSIONS: 0
	PASSENGER MILES: 0
	TOTAL DISTANCE: 0
	TOTAL FLIGHT TIME: 0
	TOTAL CHG TIME: 0
	BATTERY CAPACITY: 0
	EVTOL TYPE: 0
CHARGER 0-> PLANE_ID: 1
CHARGER 1-> AVAILABLE
CHARGER 2-> AVAILABLE

SEGMENT 0: 
	NUM FAULTS: 0
	NUM FLIGHTS: 0
	NUM CHG SESSIONS: 1
	PASSENGER MILES: 0
	TOTAL DISTANCE: 0
	TOTAL FLIGHT TIME: 0
	TOTAL CHG TIME: 60
	BATTERY CAPACITY: 9.59994
	EVTOL TYPE: 0
SEGMENT 1: 
	NUM FAULTS: 0
	NUM FLIGHTS: 2
	NUM CHG SESSIONS: 2
	PASSENGER MILES: 683.333
	TOTAL DISTANCE: 136.667
	TOTAL FLIGHT TIME: 4920
	TOTAL CHG TIME: 780
	BATTERY CAPACITY: 0
	EVTOL TYPE: 1
SEGMENT 2: 
	NUM FAULTS: 0
	NUM FLIGHTS: 1
	NUM CHG SESSIONS: 2
	PASSENGER MILES: 304
	TOTAL DISTANCE: 101.333
	TOTAL FLIGHT TIME: 2280
	TOTAL CHG TIME: 3000
	BATTERY CAPACITY: 173.067
	EVTOL TYPE: 2
SEGMENT 3: 
	NUM FAULTS: 0
	NUM FLIGHTS: 0
	NUM CHG SESSIONS: 1
	PASSENGER MILES: 0
	TOTAL DISTANCE: 0
	TOTAL FLIGHT TIME: 0
	TOTAL CHG TIME: 60
	BATTERY CAPACITY: 6.00011
	EVTOL TYPE: 3
SEGMENT 4: 
	NUM FAULTS: 1
	NUM FLIGHTS: 1
	NUM CHG SESSIONS: 2
	PASSENGER MILES: 52
	TOTAL DISTANCE: 26
	TOTAL FLIGHT TIME: 3120
	TOTAL CHG TIME: 1200
	BATTERY CAPACITY: 86.2
	EVTOL TYPE: 4
SEGMENT 5: 
	NUM FAULTS: 0
	NUM FLIGHTS: 0
	NUM CHG SESSIONS: 0
	PASSENGER MILES: 0
	TOTAL DISTANCE: 0
	TOTAL FLIGHT TIME: 0
	TOTAL CHG TIME: 0
	BATTERY CAPACITY: 0
	EVTOL TYPE: 0
SEGMENT 6: 
	NUM FAULTS: 0
	NUM FLIGHTS: 0
	NUM CHG SESSIONS: 0
	PASSENGER MILES: 0
	TOTAL DISTANCE: 0
	TOTAL FLIGHT TIME: 0
	TOTAL CHG TIME: 0
	BATTERY CAPACITY: 0
	EVTOL TYPE: 0
SEGMENT 7: 
	NUM FAULTS: 0
	NUM FLIGHTS: 0
	NUM CHG SESSIONS: 0
	PASSENGER MILES: 0
	TOTAL DISTANCE: 0
	TOTAL FLIGHT TIME: 0
	TOTAL CHG TIME: 0
	BATTERY CAPACITY: 0
	EVTOL TYPE: 0
SEGMENT 8: 
	NUM FAULTS: 0
	NUM FLIGHTS: 0
	NUM CHG SESSIONS: 0
	PASSENGER MILES: 0
	TOTAL DISTANCE: 0
	TOTAL FLIGHT TIME: 0
	TOTAL CHG TIME: 0
	BATTERY CAPACITY: 0
	EVTOL TYPE: 0
SEGMENT 9: 
	NUM FAULTS: 0
	NUM FLIGHTS: 0
	NUM CHG SESSIONS: 0
	PASSENGER MILES: 0
	TOTAL DISTANCE: 0
	TOTAL FLIGHT TIME: 0
	TOTAL CHG TIME: 0
	BATTERY CAPACITY: 0
	EVTOL TYPE: 0
SEGMENT 10: 
	NUM FAULTS: 0
	NUM FLIGHTS: 0
	NUM CHG SESSIONS: 0
	PASSENGER MILES: 0
	TOTAL DISTANCE: 0
	TOTAL FLIGHT TIME: 0
	TOTAL CHG TIME: 0
	BATTERY CAPACITY: 0
	EVTOL TYPE: 0
SEGMENT 11: 
	NUM FAULTS: 0
	NUM FLIGHTS: 0
	NUM CHG SESSIONS: 0
	PASSENGER MILES: 0
	TOTAL DISTANCE: 0
	TOTAL FLIGHT TIME: 0
	TOTAL CHG TIME: 0
	BATTERY CAPACITY: 0
	EVTOL TYPE: 0
SEGMENT 12: 
	NUM FAULTS: 0
	NUM FLIGHTS: 0
	NUM CHG SESSIONS: 0
	PASSENGER MILES: 0
	TOTAL DISTANCE: 0
	TOTAL FLIGHT TIME: 0
	TOTAL CHG TIME: 0
	BATTERY CAPACITY: 0
	EVTOL TYPE: 0
SEGMENT 13: 
	NUM FAULTS: 0
	NUM FLIGHTS: 0
	NUM CHG SESSIONS: 0
	PASSENGER MILES: 0
	TOTAL DISTANCE: 0
	TOTAL FLIGHT TIME: 0
	TOTAL CHG TIME: 0
	BATTERY CAPACITY: 0
	EVTOL TYPE: 0
SEGMENT 14: 
	NUM FAULTS: 0
	NUM FLIGHTS: 0
	NUM CHG SESSIONS: 0
	PASSENGER MILES: 0
	TOTAL DISTANCE: 0
	TOTAL FLIGHT TIME: 0
	TOTAL CHG TIME: 0
	BATTERY CAPACITY: 0
	EVTOL TYPE: 0
SEGMENT 15: 
	NUM FAULTS: 0
	NUM FLIGHTS: 0
	NUM CHG SESSIONS: 0
	PASSENGER MILES: 0
	TOTAL DISTANCE: 0
	TOTAL FLIGHT TIME: 0
	TOTAL CHG TIME: 0
	BATTERY CAPACITY: 0
	EVTOL TYPE: 0
SEGMENT 16: 
	NUM FAULTS: 0
	NUM FLIGHTS: 0
	NUM CHG SESSIONS: 0
	PASSENGER MILES: 0
	TOTAL DISTANCE: 0
	TOTAL FLIGHT TIME: 0
	TOTAL CHG TIME: 0
	BATTERY CAPACITY: 0
	EVTOL TYPE: 0
SEGMENT 17: 
	NUM FAULTS: 0
	NUM FLIGHTS: 0
	NUM CHG SESSIONS: 0
	PASSENGER MILES: 0
	TOTAL DISTANCE: 0
	TOTAL FLIGHT TIME: 0
	TOTAL CHG TIME: 0
	BATTERY CAPACITY: 0
	EVTOL TYPE: 0
SEGMENT 18: 
	NUM FAULTS: 0
	NUM FLIGHTS: 0
	NUM CHG SESSIONS: 0
	PASSENGER MILES: 0
	TOTAL DISTANCE: 0
	TOTAL FLIGHT TIME: 0
	TOTAL CHG TIME: 0
	BATTERY CAPACITY: 0
	EVTOL TYPE: 0
SEGMENT 19: 
	NUM FAULTS: 0
	NUM FLIGHTS: 0
	NUM CHG SESSIONS: 0
	PASSENGER MILES: 0
	TOTAL DISTANCE: 0
	TOTAL FLIGHT TIME: 0
	TOTAL CHG TIME: 0
	BATTERY CAPACITY: 0
	EVTOL TYPE: 0
[       OK ] INTEGRATION.SimEngineOutputCheck (82 ms)
[----------] 3 tests from INTEGRATION (83 ms total)

[----------] Global test environment tear-down
[==========] 7 tests from 3 test suites ran. (83 ms total)
[  PASSED  ] 7 tests.
